{"D:\\RDx\\DevBox\\Tools\\GithubMonster\\pages\\api\\health.js": {"path":"D:\\RDx\\DevBox\\Tools\\GithubMonster\\pages\\api\\health.js","statementMap":{"0":{"start":{"line":9,"column":2},"end":{"line":11,"column":3}},"1":{"start":{"line":10,"column":4},"end":{"line":10,"column":65}},"2":{"start":{"line":13,"column":20},"end":{"line":13,"column":30}},"3":{"start":{"line":14,"column":17},"end":{"line":20,"column":3}},"4":{"start":{"line":22,"column":2},"end":{"line":102,"column":3}},"5":{"start":{"line":24,"column":4},"end":{"line":36,"column":5}},"6":{"start":{"line":25,"column":6},"end":{"line":25,"column":36}},"7":{"start":{"line":26,"column":6},"end":{"line":29,"column":8}},"8":{"start":{"line":31,"column":6},"end":{"line":31,"column":33}},"9":{"start":{"line":32,"column":6},"end":{"line":35,"column":8}},"10":{"start":{"line":39,"column":4},"end":{"line":50,"column":5}},"11":{"start":{"line":40,"column":6},"end":{"line":43,"column":8}},"12":{"start":{"line":45,"column":6},"end":{"line":45,"column":33}},"13":{"start":{"line":46,"column":6},"end":{"line":49,"column":8}},"14":{"start":{"line":53,"column":4},"end":{"line":66,"column":5}},"15":{"start":{"line":54,"column":28},"end":{"line":54,"column":61}},"16":{"start":{"line":55,"column":6},"end":{"line":55,"column":43}},"17":{"start":{"line":56,"column":6},"end":{"line":59,"column":8}},"18":{"start":{"line":61,"column":6},"end":{"line":61,"column":33}},"19":{"start":{"line":62,"column":6},"end":{"line":65,"column":8}},"20":{"start":{"line":69,"column":28},"end":{"line":69,"column":62}},"21":{"start":{"line":70,"column":27},"end":{"line":70,"column":83}},"22":{"start":{"line":70,"column":61},"end":{"line":70,"column":82}},"23":{"start":{"line":72,"column":4},"end":{"line":83,"column":5}},"24":{"start":{"line":73,"column":6},"end":{"line":73,"column":34}},"25":{"start":{"line":74,"column":6},"end":{"line":77,"column":8}},"26":{"start":{"line":79,"column":6},"end":{"line":82,"column":8}},"27":{"start":{"line":86,"column":4},"end":{"line":86,"column":49}},"28":{"start":{"line":89,"column":23},"end":{"line":90,"column":63}},"29":{"start":{"line":92,"column":4},"end":{"line":92,"column":47}},"30":{"start":{"line":95,"column":4},"end":{"line":95,"column":47}},"31":{"start":{"line":96,"column":4},"end":{"line":101,"column":7}}},"fnMap":{"0":{"name":"handler","decl":{"start":{"line":8,"column":30},"end":{"line":8,"column":37}},"loc":{"start":{"line":8,"column":48},"end":{"line":103,"column":1}},"line":8},"1":{"name":"(anonymous_1)","decl":{"start":{"line":70,"column":50},"end":{"line":70,"column":51}},"loc":{"start":{"line":70,"column":61},"end":{"line":70,"column":82}},"line":70}},"branchMap":{"0":{"loc":{"start":{"line":9,"column":2},"end":{"line":11,"column":3}},"type":"if","locations":[{"start":{"line":9,"column":2},"end":{"line":11,"column":3}},{"start":{},"end":{}}],"line":9},"1":{"loc":{"start":{"line":19,"column":13},"end":{"line":19,"column":55}},"type":"binary-expr","locations":[{"start":{"line":19,"column":13},"end":{"line":19,"column":44}},{"start":{"line":19,"column":48},"end":{"line":19,"column":55}}],"line":19},"2":{"loc":{"start":{"line":39,"column":4},"end":{"line":50,"column":5}},"type":"if","locations":[{"start":{"line":39,"column":4},"end":{"line":50,"column":5}},{"start":{"line":44,"column":11},"end":{"line":50,"column":5}}],"line":39},"3":{"loc":{"start":{"line":72,"column":4},"end":{"line":83,"column":5}},"type":"if","locations":[{"start":{"line":72,"column":4},"end":{"line":83,"column":5}},{"start":{"line":78,"column":11},"end":{"line":83,"column":5}}],"line":72},"4":{"loc":{"start":{"line":89,"column":23},"end":{"line":90,"column":63}},"type":"cond-expr","locations":[{"start":{"line":89,"column":53},"end":{"line":89,"column":56}},{"start":{"line":90,"column":23},"end":{"line":90,"column":63}}],"line":89},"5":{"loc":{"start":{"line":90,"column":23},"end":{"line":90,"column":63}},"type":"cond-expr","locations":[{"start":{"line":90,"column":54},"end":{"line":90,"column":57}},{"start":{"line":90,"column":60},"end":{"line":90,"column":63}}],"line":90}},"s":{"0":0,"1":0,"2":0,"3":0,"4":0,"5":0,"6":0,"7":0,"8":0,"9":0,"10":0,"11":0,"12":0,"13":0,"14":0,"15":0,"16":0,"17":0,"18":0,"19":0,"20":0,"21":0,"22":0,"23":0,"24":0,"25":0,"26":0,"27":0,"28":0,"29":0,"30":0,"31":0},"f":{"0":0,"1":0},"b":{"0":[0,0],"1":[0,0],"2":[0,0],"3":[0,0],"4":[0,0],"5":[0,0]}}
,"D:\\RDx\\DevBox\\Tools\\GithubMonster\\pages\\api\\index.js": {"path":"D:\\RDx\\DevBox\\Tools\\GithubMonster\\pages\\api\\index.js","statementMap":{"0":{"start":{"line":2,"column":2},"end":{"line":20,"column":5}}},"fnMap":{"0":{"name":"handler","decl":{"start":{"line":1,"column":24},"end":{"line":1,"column":31}},"loc":{"start":{"line":1,"column":42},"end":{"line":21,"column":1}},"line":1}},"branchMap":{},"s":{"0":0},"f":{"0":0},"b":{}}
,"D:\\RDx\\DevBox\\Tools\\GithubMonster\\pages\\api\\metrics.js": {"path":"D:\\RDx\\DevBox\\Tools\\GithubMonster\\pages\\api\\metrics.js","statementMap":{"0":{"start":{"line":9,"column":2},"end":{"line":11,"column":3}},"1":{"start":{"line":10,"column":4},"end":{"line":10,"column":65}},"2":{"start":{"line":13,"column":2},"end":{"line":24,"column":3}},"3":{"start":{"line":15,"column":4},"end":{"line":15,"column":56}},"4":{"start":{"line":18,"column":20},"end":{"line":18,"column":44}},"5":{"start":{"line":20,"column":4},"end":{"line":20,"column":41}},"6":{"start":{"line":22,"column":4},"end":{"line":22,"column":52}},"7":{"start":{"line":23,"column":4},"end":{"line":23,"column":73}}},"fnMap":{"0":{"name":"handler","decl":{"start":{"line":8,"column":30},"end":{"line":8,"column":37}},"loc":{"start":{"line":8,"column":48},"end":{"line":25,"column":1}},"line":8}},"branchMap":{"0":{"loc":{"start":{"line":9,"column":2},"end":{"line":11,"column":3}},"type":"if","locations":[{"start":{"line":9,"column":2},"end":{"line":11,"column":3}},{"start":{},"end":{}}],"line":9}},"s":{"0":0,"1":0,"2":0,"3":0,"4":0,"5":0,"6":0,"7":0},"f":{"0":0},"b":{"0":[0,0]}}
,"D:\\RDx\\DevBox\\Tools\\GithubMonster\\pages\\api\\repo-stats.js": {"path":"D:\\RDx\\DevBox\\Tools\\GithubMonster\\pages\\api\\repo-stats.js","statementMap":{"0":{"start":{"line":8,"column":2},"end":{"line":10,"column":3}},"1":{"start":{"line":9,"column":4},"end":{"line":9,"column":65}},"2":{"start":{"line":12,"column":20},"end":{"line":12,"column":30}},"3":{"start":{"line":13,"column":2},"end":{"line":13,"column":74}},"4":{"start":{"line":15,"column":2},"end":{"line":44,"column":3}},"5":{"start":{"line":17,"column":19},"end":{"line":17,"column":57}},"6":{"start":{"line":20,"column":21},"end":{"line":20,"column":74}},"7":{"start":{"line":21,"column":19},"end":{"line":21,"column":44}},"8":{"start":{"line":22,"column":4},"end":{"line":25,"column":5}},"9":{"start":{"line":23,"column":6},"end":{"line":23,"column":54}},"10":{"start":{"line":24,"column":6},"end":{"line":24,"column":58}},"11":{"start":{"line":28,"column":22},"end":{"line":28,"column":61}},"12":{"start":{"line":31,"column":4},"end":{"line":31,"column":46}},"13":{"start":{"line":33,"column":21},"end":{"line":33,"column":43}},"14":{"start":{"line":34,"column":4},"end":{"line":34,"column":54}},"15":{"start":{"line":37,"column":4},"end":{"line":37,"column":59}},"16":{"start":{"line":40,"column":4},"end":{"line":40,"column":71}},"17":{"start":{"line":41,"column":4},"end":{"line":43,"column":7}},"18":{"start":{"line":48,"column":28},"end":{"line":48,"column":43}},"19":{"start":{"line":50,"column":2},"end":{"line":123,"column":3}},"20":{"start":{"line":52,"column":24},"end":{"line":55,"column":6}},"21":{"start":{"line":58,"column":22},"end":{"line":61,"column":6}},"22":{"start":{"line":64,"column":26},"end":{"line":64,"column":28}},"23":{"start":{"line":65,"column":15},"end":{"line":65,"column":16}},"24":{"start":{"line":66,"column":18},"end":{"line":66,"column":22}},"25":{"start":{"line":68,"column":4},"end":{"line":90,"column":5}},"26":{"start":{"line":69,"column":6},"end":{"line":89,"column":7}},"27":{"start":{"line":70,"column":33},"end":{"line":75,"column":10}},"28":{"start":{"line":77,"column":8},"end":{"line":85,"column":9}},"29":{"start":{"line":78,"column":10},"end":{"line":78,"column":26}},"30":{"start":{"line":80,"column":10},"end":{"line":80,"column":74}},"31":{"start":{"line":81,"column":10},"end":{"line":81,"column":17}},"32":{"start":{"line":82,"column":10},"end":{"line":84,"column":11}},"33":{"start":{"line":83,"column":12},"end":{"line":83,"column":28}},"34":{"start":{"line":87,"column":8},"end":{"line":87,"column":88}},"35":{"start":{"line":88,"column":8},"end":{"line":88,"column":24}},"36":{"start":{"line":93,"column":22},"end":{"line":93,"column":59}},"37":{"start":{"line":94,"column":22},"end":{"line":94,"column":59}},"38":{"start":{"line":95,"column":18},"end":{"line":95,"column":28}},"39":{"start":{"line":96,"column":22},"end":{"line":96,"column":77}},"40":{"start":{"line":99,"column":24},"end":{"line":99,"column":83}},"41":{"start":{"line":102,"column":24},"end":{"line":102,"column":97}},"42":{"start":{"line":104,"column":4},"end":{"line":119,"column":6}},"43":{"start":{"line":121,"column":4},"end":{"line":121,"column":65}},"44":{"start":{"line":122,"column":4},"end":{"line":122,"column":16}},"45":{"start":{"line":127,"column":2},"end":{"line":168,"column":3}},"46":{"start":{"line":130,"column":23},"end":{"line":130,"column":86}},"47":{"start":{"line":130,"column":71},"end":{"line":130,"column":82}},"48":{"start":{"line":134,"column":27},"end":{"line":134,"column":54}},"49":{"start":{"line":137,"column":4},"end":{"line":139,"column":5}},"50":{"start":{"line":138,"column":6},"end":{"line":138,"column":28}},"51":{"start":{"line":142,"column":4},"end":{"line":161,"column":5}},"52":{"start":{"line":143,"column":28},"end":{"line":146,"column":8}},"53":{"start":{"line":148,"column":6},"end":{"line":158,"column":7}},"54":{"start":{"line":151,"column":31},"end":{"line":153,"column":13}},"55":{"start":{"line":152,"column":10},"end":{"line":152,"column":38}},"56":{"start":{"line":155,"column":8},"end":{"line":157,"column":9}},"57":{"start":{"line":156,"column":10},"end":{"line":156,"column":32}},"58":{"start":{"line":160,"column":6},"end":{"line":160,"column":89}},"59":{"start":{"line":164,"column":4},"end":{"line":164,"column":52}},"60":{"start":{"line":166,"column":4},"end":{"line":166,"column":78}},"61":{"start":{"line":167,"column":4},"end":{"line":167,"column":17}},"62":{"start":{"line":172,"column":14},"end":{"line":172,"column":15}},"63":{"start":{"line":175,"column":26},"end":{"line":175,"column":106}},"64":{"start":{"line":176,"column":2},"end":{"line":180,"column":45}},"65":{"start":{"line":176,"column":27},"end":{"line":176,"column":39}},"66":{"start":{"line":177,"column":7},"end":{"line":180,"column":45}},"67":{"start":{"line":177,"column":33},"end":{"line":177,"column":45}},"68":{"start":{"line":178,"column":7},"end":{"line":180,"column":45}},"69":{"start":{"line":178,"column":33},"end":{"line":178,"column":45}},"70":{"start":{"line":179,"column":7},"end":{"line":180,"column":45}},"71":{"start":{"line":179,"column":34},"end":{"line":179,"column":46}},"72":{"start":{"line":180,"column":7},"end":{"line":180,"column":45}},"73":{"start":{"line":180,"column":34},"end":{"line":180,"column":45}},"74":{"start":{"line":183,"column":26},"end":{"line":183,"column":101}},"75":{"start":{"line":184,"column":2},"end":{"line":188,"column":45}},"76":{"start":{"line":184,"column":28},"end":{"line":184,"column":40}},"77":{"start":{"line":185,"column":7},"end":{"line":188,"column":45}},"78":{"start":{"line":185,"column":32},"end":{"line":185,"column":44}},"79":{"start":{"line":186,"column":7},"end":{"line":188,"column":45}},"80":{"start":{"line":186,"column":32},"end":{"line":186,"column":44}},"81":{"start":{"line":187,"column":7},"end":{"line":188,"column":45}},"82":{"start":{"line":187,"column":34},"end":{"line":187,"column":46}},"83":{"start":{"line":188,"column":7},"end":{"line":188,"column":45}},"84":{"start":{"line":188,"column":34},"end":{"line":188,"column":45}},"85":{"start":{"line":191,"column":2},"end":{"line":191,"column":36}},"86":{"start":{"line":191,"column":25},"end":{"line":191,"column":36}},"87":{"start":{"line":192,"column":2},"end":{"line":192,"column":38}},"88":{"start":{"line":192,"column":27},"end":{"line":192,"column":38}},"89":{"start":{"line":193,"column":2},"end":{"line":193,"column":36}},"90":{"start":{"line":193,"column":24},"end":{"line":193,"column":36}},"91":{"start":{"line":194,"column":2},"end":{"line":194,"column":39}},"92":{"start":{"line":194,"column":28},"end":{"line":194,"column":39}},"93":{"start":{"line":197,"column":2},"end":{"line":202,"column":45}},"94":{"start":{"line":197,"column":31},"end":{"line":197,"column":43}},"95":{"start":{"line":198,"column":7},"end":{"line":202,"column":45}},"96":{"start":{"line":198,"column":35},"end":{"line":198,"column":47}},"97":{"start":{"line":199,"column":7},"end":{"line":202,"column":45}},"98":{"start":{"line":199,"column":35},"end":{"line":199,"column":47}},"99":{"start":{"line":200,"column":7},"end":{"line":202,"column":45}},"100":{"start":{"line":200,"column":35},"end":{"line":200,"column":47}},"101":{"start":{"line":201,"column":7},"end":{"line":202,"column":45}},"102":{"start":{"line":201,"column":34},"end":{"line":201,"column":45}},"103":{"start":{"line":202,"column":7},"end":{"line":202,"column":45}},"104":{"start":{"line":202,"column":34},"end":{"line":202,"column":45}},"105":{"start":{"line":204,"column":2},"end":{"line":204,"column":30}}},"fnMap":{"0":{"name":"handler","decl":{"start":{"line":7,"column":30},"end":{"line":7,"column":37}},"loc":{"start":{"line":7,"column":48},"end":{"line":45,"column":1}},"line":7},"1":{"name":"fetchRepositoryStats","decl":{"start":{"line":47,"column":15},"end":{"line":47,"column":35}},"loc":{"start":{"line":47,"column":42},"end":{"line":124,"column":1}},"line":47},"2":{"name":"calculateLinesOfCode","decl":{"start":{"line":126,"column":15},"end":{"line":126,"column":35}},"loc":{"start":{"line":126,"column":64},"end":{"line":169,"column":1}},"line":126},"3":{"name":"(anonymous_3)","decl":{"start":{"line":130,"column":55},"end":{"line":130,"column":56}},"loc":{"start":{"line":130,"column":71},"end":{"line":130,"column":82}},"line":130},"4":{"name":"(anonymous_4)","decl":{"start":{"line":151,"column":57},"end":{"line":151,"column":58}},"loc":{"start":{"line":151,"column":72},"end":{"line":153,"column":9}},"line":151},"5":{"name":"calculateHealthScore","decl":{"start":{"line":171,"column":9},"end":{"line":171,"column":29}},"loc":{"start":{"line":171,"column":70},"end":{"line":205,"column":1}},"line":171}},"branchMap":{"0":{"loc":{"start":{"line":8,"column":2},"end":{"line":10,"column":3}},"type":"if","locations":[{"start":{"line":8,"column":2},"end":{"line":10,"column":3}},{"start":{},"end":{}}],"line":8},"1":{"loc":{"start":{"line":22,"column":4},"end":{"line":25,"column":5}},"type":"if","locations":[{"start":{"line":22,"column":4},"end":{"line":25,"column":5}},{"start":{},"end":{}}],"line":22},"2":{"loc":{"start":{"line":41,"column":22},"end":{"line":41,"column":41}},"type":"binary-expr","locations":[{"start":{"line":41,"column":22},"end":{"line":41,"column":34}},{"start":{"line":41,"column":38},"end":{"line":41,"column":41}}],"line":41},"3":{"loc":{"start":{"line":42,"column":13},"end":{"line":42,"column":53}},"type":"binary-expr","locations":[{"start":{"line":42,"column":13},"end":{"line":42,"column":26}},{"start":{"line":42,"column":30},"end":{"line":42,"column":53}}],"line":42},"4":{"loc":{"start":{"line":68,"column":11},"end":{"line":68,"column":32}},"type":"binary-expr","locations":[{"start":{"line":68,"column":11},"end":{"line":68,"column":18}},{"start":{"line":68,"column":22},"end":{"line":68,"column":32}}],"line":68},"5":{"loc":{"start":{"line":77,"column":8},"end":{"line":85,"column":9}},"type":"if","locations":[{"start":{"line":77,"column":8},"end":{"line":85,"column":9}},{"start":{"line":79,"column":15},"end":{"line":85,"column":9}}],"line":77},"6":{"loc":{"start":{"line":82,"column":10},"end":{"line":84,"column":11}},"type":"if","locations":[{"start":{"line":82,"column":10},"end":{"line":84,"column":11}},{"start":{},"end":{}}],"line":82},"7":{"loc":{"start":{"line":118,"column":15},"end":{"line":118,"column":61}},"type":"binary-expr","locations":[{"start":{"line":118,"column":15},"end":{"line":118,"column":45}},{"start":{"line":118,"column":49},"end":{"line":118,"column":61}}],"line":118},"8":{"loc":{"start":{"line":137,"column":4},"end":{"line":139,"column":5}},"type":"if","locations":[{"start":{"line":137,"column":4},"end":{"line":139,"column":5}},{"start":{},"end":{}}],"line":137},"9":{"loc":{"start":{"line":148,"column":6},"end":{"line":158,"column":7}},"type":"if","locations":[{"start":{"line":148,"column":6},"end":{"line":158,"column":7}},{"start":{},"end":{}}],"line":148},"10":{"loc":{"start":{"line":148,"column":10},"end":{"line":148,"column":65}},"type":"binary-expr","locations":[{"start":{"line":148,"column":10},"end":{"line":148,"column":28}},{"start":{"line":148,"column":32},"end":{"line":148,"column":65}}],"line":148},"11":{"loc":{"start":{"line":152,"column":24},"end":{"line":152,"column":36}},"type":"binary-expr","locations":[{"start":{"line":152,"column":24},"end":{"line":152,"column":31}},{"start":{"line":152,"column":35},"end":{"line":152,"column":36}}],"line":152},"12":{"loc":{"start":{"line":155,"column":8},"end":{"line":157,"column":9}},"type":"if","locations":[{"start":{"line":155,"column":8},"end":{"line":157,"column":9}},{"start":{},"end":{}}],"line":155},"13":{"loc":{"start":{"line":176,"column":2},"end":{"line":180,"column":45}},"type":"if","locations":[{"start":{"line":176,"column":2},"end":{"line":180,"column":45}},{"start":{"line":177,"column":7},"end":{"line":180,"column":45}}],"line":176},"14":{"loc":{"start":{"line":177,"column":7},"end":{"line":180,"column":45}},"type":"if","locations":[{"start":{"line":177,"column":7},"end":{"line":180,"column":45}},{"start":{"line":178,"column":7},"end":{"line":180,"column":45}}],"line":177},"15":{"loc":{"start":{"line":178,"column":7},"end":{"line":180,"column":45}},"type":"if","locations":[{"start":{"line":178,"column":7},"end":{"line":180,"column":45}},{"start":{"line":179,"column":7},"end":{"line":180,"column":45}}],"line":178},"16":{"loc":{"start":{"line":179,"column":7},"end":{"line":180,"column":45}},"type":"if","locations":[{"start":{"line":179,"column":7},"end":{"line":180,"column":45}},{"start":{"line":180,"column":7},"end":{"line":180,"column":45}}],"line":179},"17":{"loc":{"start":{"line":180,"column":7},"end":{"line":180,"column":45}},"type":"if","locations":[{"start":{"line":180,"column":7},"end":{"line":180,"column":45}},{"start":{},"end":{}}],"line":180},"18":{"loc":{"start":{"line":184,"column":2},"end":{"line":188,"column":45}},"type":"if","locations":[{"start":{"line":184,"column":2},"end":{"line":188,"column":45}},{"start":{"line":185,"column":7},"end":{"line":188,"column":45}}],"line":184},"19":{"loc":{"start":{"line":185,"column":7},"end":{"line":188,"column":45}},"type":"if","locations":[{"start":{"line":185,"column":7},"end":{"line":188,"column":45}},{"start":{"line":186,"column":7},"end":{"line":188,"column":45}}],"line":185},"20":{"loc":{"start":{"line":186,"column":7},"end":{"line":188,"column":45}},"type":"if","locations":[{"start":{"line":186,"column":7},"end":{"line":188,"column":45}},{"start":{"line":187,"column":7},"end":{"line":188,"column":45}}],"line":186},"21":{"loc":{"start":{"line":187,"column":7},"end":{"line":188,"column":45}},"type":"if","locations":[{"start":{"line":187,"column":7},"end":{"line":188,"column":45}},{"start":{"line":188,"column":7},"end":{"line":188,"column":45}}],"line":187},"22":{"loc":{"start":{"line":188,"column":7},"end":{"line":188,"column":45}},"type":"if","locations":[{"start":{"line":188,"column":7},"end":{"line":188,"column":45}},{"start":{},"end":{}}],"line":188},"23":{"loc":{"start":{"line":191,"column":2},"end":{"line":191,"column":36}},"type":"if","locations":[{"start":{"line":191,"column":2},"end":{"line":191,"column":36}},{"start":{},"end":{}}],"line":191},"24":{"loc":{"start":{"line":192,"column":2},"end":{"line":192,"column":38}},"type":"if","locations":[{"start":{"line":192,"column":2},"end":{"line":192,"column":38}},{"start":{},"end":{}}],"line":192},"25":{"loc":{"start":{"line":193,"column":2},"end":{"line":193,"column":36}},"type":"if","locations":[{"start":{"line":193,"column":2},"end":{"line":193,"column":36}},{"start":{},"end":{}}],"line":193},"26":{"loc":{"start":{"line":194,"column":2},"end":{"line":194,"column":39}},"type":"if","locations":[{"start":{"line":194,"column":2},"end":{"line":194,"column":39}},{"start":{},"end":{}}],"line":194},"27":{"loc":{"start":{"line":197,"column":2},"end":{"line":202,"column":45}},"type":"if","locations":[{"start":{"line":197,"column":2},"end":{"line":202,"column":45}},{"start":{"line":198,"column":7},"end":{"line":202,"column":45}}],"line":197},"28":{"loc":{"start":{"line":198,"column":7},"end":{"line":202,"column":45}},"type":"if","locations":[{"start":{"line":198,"column":7},"end":{"line":202,"column":45}},{"start":{"line":199,"column":7},"end":{"line":202,"column":45}}],"line":198},"29":{"loc":{"start":{"line":199,"column":7},"end":{"line":202,"column":45}},"type":"if","locations":[{"start":{"line":199,"column":7},"end":{"line":202,"column":45}},{"start":{"line":200,"column":7},"end":{"line":202,"column":45}}],"line":199},"30":{"loc":{"start":{"line":200,"column":7},"end":{"line":202,"column":45}},"type":"if","locations":[{"start":{"line":200,"column":7},"end":{"line":202,"column":45}},{"start":{"line":201,"column":7},"end":{"line":202,"column":45}}],"line":200},"31":{"loc":{"start":{"line":201,"column":7},"end":{"line":202,"column":45}},"type":"if","locations":[{"start":{"line":201,"column":7},"end":{"line":202,"column":45}},{"start":{"line":202,"column":7},"end":{"line":202,"column":45}}],"line":201},"32":{"loc":{"start":{"line":202,"column":7},"end":{"line":202,"column":45}},"type":"if","locations":[{"start":{"line":202,"column":7},"end":{"line":202,"column":45}},{"start":{},"end":{}}],"line":202}},"s":{"0":0,"1":0,"2":0,"3":0,"4":0,"5":0,"6":0,"7":0,"8":0,"9":0,"10":0,"11":0,"12":0,"13":0,"14":0,"15":0,"16":0,"17":0,"18":0,"19":0,"20":0,"21":0,"22":0,"23":0,"24":0,"25":0,"26":0,"27":0,"28":0,"29":0,"30":0,"31":0,"32":0,"33":0,"34":0,"35":0,"36":0,"37":0,"38":0,"39":0,"40":0,"41":0,"42":0,"43":0,"44":0,"45":0,"46":0,"47":0,"48":0,"49":0,"50":0,"51":0,"52":0,"53":0,"54":0,"55":0,"56":0,"57":0,"58":0,"59":0,"60":0,"61":0,"62":0,"63":0,"64":0,"65":0,"66":0,"67":0,"68":0,"69":0,"70":0,"71":0,"72":0,"73":0,"74":0,"75":0,"76":0,"77":0,"78":0,"79":0,"80":0,"81":0,"82":0,"83":0,"84":0,"85":0,"86":0,"87":0,"88":0,"89":0,"90":0,"91":0,"92":0,"93":0,"94":0,"95":0,"96":0,"97":0,"98":0,"99":0,"100":0,"101":0,"102":0,"103":0,"104":0,"105":0},"f":{"0":0,"1":0,"2":0,"3":0,"4":0,"5":0},"b":{"0":[0,0],"1":[0,0],"2":[0,0],"3":[0,0],"4":[0,0],"5":[0,0],"6":[0,0],"7":[0,0],"8":[0,0],"9":[0,0],"10":[0,0],"11":[0,0],"12":[0,0],"13":[0,0],"14":[0,0],"15":[0,0],"16":[0,0],"17":[0,0],"18":[0,0],"19":[0,0],"20":[0,0],"21":[0,0],"22":[0,0],"23":[0,0],"24":[0,0],"25":[0,0],"26":[0,0],"27":[0,0],"28":[0,0],"29":[0,0],"30":[0,0],"31":[0,0],"32":[0,0]}}
,"D:\\RDx\\DevBox\\Tools\\GithubMonster\\pages\\api\\github\\proxy.js": {"path":"D:\\RDx\\DevBox\\Tools\\GithubMonster\\pages\\api\\github\\proxy.js","statementMap":{"0":{"start":{"line":7,"column":16},"end":{"line":9,"column":2}},"1":{"start":{"line":15,"column":2},"end":{"line":17,"column":3}},"2":{"start":{"line":16,"column":4},"end":{"line":16,"column":65}},"3":{"start":{"line":19,"column":2},"end":{"line":145,"column":3}},"4":{"start":{"line":20,"column":44},"end":{"line":20,"column":52}},"5":{"start":{"line":23,"column":4},"end":{"line":25,"column":5}},"6":{"start":{"line":24,"column":6},"end":{"line":24,"column":91}},"7":{"start":{"line":28,"column":4},"end":{"line":30,"column":5}},"8":{"start":{"line":29,"column":6},"end":{"line":29,"column":96}},"9":{"start":{"line":32,"column":30},"end":{"line":32,"column":45}},"10":{"start":{"line":34,"column":4},"end":{"line":141,"column":5}},"11":{"start":{"line":38,"column":6},"end":{"line":125,"column":7}},"12":{"start":{"line":40,"column":10},"end":{"line":44,"column":13}},"13":{"start":{"line":45,"column":10},"end":{"line":45,"column":16}},"14":{"start":{"line":48,"column":10},"end":{"line":52,"column":13}},"15":{"start":{"line":53,"column":10},"end":{"line":53,"column":16}},"16":{"start":{"line":56,"column":10},"end":{"line":60,"column":13}},"17":{"start":{"line":61,"column":10},"end":{"line":61,"column":16}},"18":{"start":{"line":64,"column":10},"end":{"line":68,"column":13}},"19":{"start":{"line":69,"column":10},"end":{"line":69,"column":16}},"20":{"start":{"line":72,"column":10},"end":{"line":76,"column":13}},"21":{"start":{"line":77,"column":10},"end":{"line":77,"column":16}},"22":{"start":{"line":80,"column":10},"end":{"line":84,"column":13}},"23":{"start":{"line":85,"column":10},"end":{"line":85,"column":16}},"24":{"start":{"line":88,"column":10},"end":{"line":92,"column":13}},"25":{"start":{"line":93,"column":10},"end":{"line":93,"column":16}},"26":{"start":{"line":96,"column":10},"end":{"line":99,"column":13}},"27":{"start":{"line":100,"column":10},"end":{"line":100,"column":16}},"28":{"start":{"line":103,"column":10},"end":{"line":106,"column":13}},"29":{"start":{"line":107,"column":10},"end":{"line":107,"column":16}},"30":{"start":{"line":110,"column":10},"end":{"line":113,"column":13}},"31":{"start":{"line":114,"column":10},"end":{"line":114,"column":16}},"32":{"start":{"line":117,"column":10},"end":{"line":120,"column":13}},"33":{"start":{"line":121,"column":10},"end":{"line":121,"column":16}},"34":{"start":{"line":124,"column":10},"end":{"line":124,"column":86}},"35":{"start":{"line":127,"column":6},"end":{"line":131,"column":9}},"36":{"start":{"line":133,"column":6},"end":{"line":133,"column":54}},"37":{"start":{"line":136,"column":25},"end":{"line":136,"column":50}},"38":{"start":{"line":137,"column":6},"end":{"line":140,"column":9}},"39":{"start":{"line":143,"column":4},"end":{"line":143,"column":41}},"40":{"start":{"line":144,"column":4},"end":{"line":144,"column":68}},"41":{"start":{"line":150,"column":2},"end":{"line":152,"column":3}},"42":{"start":{"line":151,"column":4},"end":{"line":151,"column":69}},"43":{"start":{"line":154,"column":28},"end":{"line":154,"column":43}},"44":{"start":{"line":156,"column":2},"end":{"line":166,"column":3}},"45":{"start":{"line":157,"column":19},"end":{"line":160,"column":6}},"46":{"start":{"line":162,"column":4},"end":{"line":162,"column":23}},"47":{"start":{"line":164,"column":4},"end":{"line":164,"column":60}},"48":{"start":{"line":165,"column":4},"end":{"line":165,"column":16}}},"fnMap":{"0":{"name":"handler","decl":{"start":{"line":14,"column":30},"end":{"line":14,"column":37}},"loc":{"start":{"line":14,"column":48},"end":{"line":146,"column":1}},"line":14},"1":{"name":"fetchRepositoryInfo","decl":{"start":{"line":149,"column":22},"end":{"line":149,"column":41}},"loc":{"start":{"line":149,"column":48},"end":{"line":167,"column":1}},"line":149}},"branchMap":{"0":{"loc":{"start":{"line":15,"column":2},"end":{"line":17,"column":3}},"type":"if","locations":[{"start":{"line":15,"column":2},"end":{"line":17,"column":3}},{"start":{},"end":{}}],"line":15},"1":{"loc":{"start":{"line":20,"column":28},"end":{"line":20,"column":39}},"type":"default-arg","locations":[{"start":{"line":20,"column":37},"end":{"line":20,"column":39}}],"line":20},"2":{"loc":{"start":{"line":23,"column":4},"end":{"line":25,"column":5}},"type":"if","locations":[{"start":{"line":23,"column":4},"end":{"line":25,"column":5}},{"start":{},"end":{}}],"line":23},"3":{"loc":{"start":{"line":23,"column":8},"end":{"line":23,"column":26}},"type":"binary-expr","locations":[{"start":{"line":23,"column":8},"end":{"line":23,"column":13}},{"start":{"line":23,"column":17},"end":{"line":23,"column":26}}],"line":23},"4":{"loc":{"start":{"line":28,"column":4},"end":{"line":30,"column":5}},"type":"if","locations":[{"start":{"line":28,"column":4},"end":{"line":30,"column":5}},{"start":{},"end":{}}],"line":28},"5":{"loc":{"start":{"line":38,"column":6},"end":{"line":125,"column":7}},"type":"switch","locations":[{"start":{"line":39,"column":8},"end":{"line":45,"column":16}},{"start":{"line":47,"column":8},"end":{"line":53,"column":16}},{"start":{"line":55,"column":8},"end":{"line":61,"column":16}},{"start":{"line":63,"column":8},"end":{"line":69,"column":16}},{"start":{"line":71,"column":8},"end":{"line":77,"column":16}},{"start":{"line":79,"column":8},"end":{"line":85,"column":16}},{"start":{"line":87,"column":8},"end":{"line":93,"column":16}},{"start":{"line":95,"column":8},"end":{"line":100,"column":16}},{"start":{"line":102,"column":8},"end":{"line":107,"column":16}},{"start":{"line":109,"column":8},"end":{"line":114,"column":16}},{"start":{"line":116,"column":8},"end":{"line":121,"column":16}},{"start":{"line":123,"column":8},"end":{"line":124,"column":86}}],"line":38},"6":{"loc":{"start":{"line":136,"column":25},"end":{"line":136,"column":50}},"type":"binary-expr","locations":[{"start":{"line":136,"column":25},"end":{"line":136,"column":43}},{"start":{"line":136,"column":47},"end":{"line":136,"column":50}}],"line":136},"7":{"loc":{"start":{"line":150,"column":2},"end":{"line":152,"column":3}},"type":"if","locations":[{"start":{"line":150,"column":2},"end":{"line":152,"column":3}},{"start":{},"end":{}}],"line":150}},"s":{"0":0,"1":0,"2":0,"3":0,"4":0,"5":0,"6":0,"7":0,"8":0,"9":0,"10":0,"11":0,"12":0,"13":0,"14":0,"15":0,"16":0,"17":0,"18":0,"19":0,"20":0,"21":0,"22":0,"23":0,"24":0,"25":0,"26":0,"27":0,"28":0,"29":0,"30":0,"31":0,"32":0,"33":0,"34":0,"35":0,"36":0,"37":0,"38":0,"39":0,"40":0,"41":0,"42":0,"43":0,"44":0,"45":0,"46":0,"47":0,"48":0},"f":{"0":0,"1":0},"b":{"0":[0,0],"1":[0],"2":[0,0],"3":[0,0],"4":[0,0],"5":[0,0,0,0,0,0,0,0,0,0,0,0],"6":[0,0],"7":[0,0]}}
,"D:\\RDx\\DevBox\\Tools\\GithubMonster\\pages\\api\\tools\\archaeology.js": {"path":"D:\\RDx\\DevBox\\Tools\\GithubMonster\\pages\\api\\tools\\archaeology.js","statementMap":{"0":{"start":{"line":9,"column":2},"end":{"line":11,"column":3}},"1":{"start":{"line":10,"column":4},"end":{"line":10,"column":65}},"2":{"start":{"line":13,"column":20},"end":{"line":13,"column":30}},"3":{"start":{"line":14,"column":2},"end":{"line":14,"column":74}},"4":{"start":{"line":16,"column":2},"end":{"line":48,"column":3}},"5":{"start":{"line":18,"column":19},"end":{"line":18,"column":57}},"6":{"start":{"line":21,"column":21},"end":{"line":21,"column":75}},"7":{"start":{"line":22,"column":19},"end":{"line":22,"column":44}},"8":{"start":{"line":23,"column":4},"end":{"line":26,"column":5}},"9":{"start":{"line":24,"column":6},"end":{"line":24,"column":54}},"10":{"start":{"line":25,"column":6},"end":{"line":25,"column":58}},"11":{"start":{"line":29,"column":28},"end":{"line":29,"column":68}},"12":{"start":{"line":32,"column":25},"end":{"line":32,"column":61}},"13":{"start":{"line":35,"column":4},"end":{"line":35,"column":49}},"14":{"start":{"line":37,"column":21},"end":{"line":37,"column":43}},"15":{"start":{"line":38,"column":4},"end":{"line":38,"column":55}},"16":{"start":{"line":41,"column":4},"end":{"line":41,"column":62}},"17":{"start":{"line":44,"column":4},"end":{"line":44,"column":71}},"18":{"start":{"line":45,"column":4},"end":{"line":47,"column":7}},"19":{"start":{"line":62,"column":87},"end":{"line":62,"column":93}},"20":{"start":{"line":65,"column":19},"end":{"line":88,"column":3}},"21":{"start":{"line":90,"column":23},"end":{"line":98,"column":3}},"22":{"start":{"line":100,"column":19},"end":{"line":104,"column":3}},"23":{"start":{"line":106,"column":2},"end":{"line":110,"column":4}},"24":{"start":{"line":114,"column":17},"end":{"line":124,"column":3}},"25":{"start":{"line":128,"column":2},"end":{"line":128,"column":25}}},"fnMap":{"0":{"name":"handler","decl":{"start":{"line":8,"column":30},"end":{"line":8,"column":37}},"loc":{"start":{"line":8,"column":48},"end":{"line":49,"column":1}},"line":8},"1":{"name":"performArchaeologyAnalysis","decl":{"start":{"line":51,"column":15},"end":{"line":51,"column":41}},"loc":{"start":{"line":51,"column":50},"end":{"line":111,"column":1}},"line":51},"2":{"name":"enhanceWithAI","decl":{"start":{"line":113,"column":15},"end":{"line":113,"column":28}},"loc":{"start":{"line":113,"column":46},"end":{"line":129,"column":1}},"line":113}},"branchMap":{"0":{"loc":{"start":{"line":9,"column":2},"end":{"line":11,"column":3}},"type":"if","locations":[{"start":{"line":9,"column":2},"end":{"line":11,"column":3}},{"start":{},"end":{}}],"line":9},"1":{"loc":{"start":{"line":23,"column":4},"end":{"line":26,"column":5}},"type":"if","locations":[{"start":{"line":23,"column":4},"end":{"line":26,"column":5}},{"start":{},"end":{}}],"line":23},"2":{"loc":{"start":{"line":45,"column":22},"end":{"line":45,"column":41}},"type":"binary-expr","locations":[{"start":{"line":45,"column":22},"end":{"line":45,"column":34}},{"start":{"line":45,"column":38},"end":{"line":45,"column":41}}],"line":45},"3":{"loc":{"start":{"line":46,"column":13},"end":{"line":46,"column":53}},"type":"binary-expr","locations":[{"start":{"line":46,"column":13},"end":{"line":46,"column":26}},{"start":{"line":46,"column":30},"end":{"line":46,"column":53}}],"line":46},"4":{"loc":{"start":{"line":62,"column":25},"end":{"line":62,"column":41}},"type":"default-arg","locations":[{"start":{"line":62,"column":37},"end":{"line":62,"column":41}}],"line":62},"5":{"loc":{"start":{"line":62,"column":43},"end":{"line":62,"column":63}},"type":"default-arg","locations":[{"start":{"line":62,"column":59},"end":{"line":62,"column":63}}],"line":62},"6":{"loc":{"start":{"line":62,"column":65},"end":{"line":62,"column":82}},"type":"default-arg","locations":[{"start":{"line":62,"column":78},"end":{"line":62,"column":82}}],"line":62}},"s":{"0":0,"1":0,"2":0,"3":0,"4":0,"5":0,"6":0,"7":0,"8":0,"9":0,"10":0,"11":0,"12":0,"13":0,"14":0,"15":0,"16":0,"17":0,"18":0,"19":0,"20":0,"21":0,"22":0,"23":0,"24":0,"25":0},"f":{"0":0,"1":0,"2":0},"b":{"0":[0,0],"1":[0,0],"2":[0,0],"3":[0,0],"4":[0],"5":[0],"6":[0]}}
,"D:\\RDx\\DevBox\\Tools\\GithubMonster\\pages\\api\\tools\\blast-radius.js": {"path":"D:\\RDx\\DevBox\\Tools\\GithubMonster\\pages\\api\\tools\\blast-radius.js","statementMap":{"0":{"start":{"line":8,"column":2},"end":{"line":10,"column":3}},"1":{"start":{"line":9,"column":4},"end":{"line":9,"column":65}},"2":{"start":{"line":12,"column":20},"end":{"line":12,"column":30}},"3":{"start":{"line":13,"column":2},"end":{"line":13,"column":74}},"4":{"start":{"line":15,"column":2},"end":{"line":44,"column":3}},"5":{"start":{"line":17,"column":19},"end":{"line":17,"column":58}},"6":{"start":{"line":20,"column":21},"end":{"line":20,"column":76}},"7":{"start":{"line":21,"column":19},"end":{"line":21,"column":44}},"8":{"start":{"line":22,"column":4},"end":{"line":25,"column":5}},"9":{"start":{"line":23,"column":6},"end":{"line":23,"column":54}},"10":{"start":{"line":24,"column":6},"end":{"line":24,"column":58}},"11":{"start":{"line":28,"column":28},"end":{"line":28,"column":62}},"12":{"start":{"line":31,"column":4},"end":{"line":31,"column":52}},"13":{"start":{"line":33,"column":21},"end":{"line":33,"column":43}},"14":{"start":{"line":34,"column":4},"end":{"line":34,"column":56}},"15":{"start":{"line":37,"column":4},"end":{"line":37,"column":65}},"16":{"start":{"line":40,"column":4},"end":{"line":40,"column":67}},"17":{"start":{"line":41,"column":4},"end":{"line":43,"column":7}},"18":{"start":{"line":48,"column":62},"end":{"line":48,"column":68}},"19":{"start":{"line":51,"column":26},"end":{"line":51,"column":71}},"20":{"start":{"line":54,"column":24},"end":{"line":54,"column":76}},"21":{"start":{"line":57,"column":21},"end":{"line":57,"column":59}},"22":{"start":{"line":60,"column":26},"end":{"line":62,"column":8}},"23":{"start":{"line":65,"column":26},"end":{"line":69,"column":4}},"24":{"start":{"line":72,"column":26},"end":{"line":72,"column":77}},"25":{"start":{"line":75,"column":23},"end":{"line":75,"column":66}},"26":{"start":{"line":78,"column":26},"end":{"line":78,"column":81}},"27":{"start":{"line":80,"column":2},"end":{"line":99,"column":4}},"28":{"start":{"line":88,"column":51},"end":{"line":93,"column":5}},"29":{"start":{"line":106,"column":2},"end":{"line":113,"column":4}},"30":{"start":{"line":124,"column":2},"end":{"line":130,"column":4}},"31":{"start":{"line":137,"column":2},"end":{"line":148,"column":4}},"32":{"start":{"line":155,"column":2},"end":{"line":163,"column":3}},"33":{"start":{"line":156,"column":4},"end":{"line":162,"column":6}},"34":{"start":{"line":164,"column":2},"end":{"line":164,"column":12}},"35":{"start":{"line":169,"column":21},"end":{"line":169,"column":63}},"36":{"start":{"line":172,"column":21},"end":{"line":172,"column":61}},"37":{"start":{"line":175,"column":25},"end":{"line":175,"column":69}},"38":{"start":{"line":177,"column":22},"end":{"line":177,"column":68}},"39":{"start":{"line":179,"column":2},"end":{"line":179,"column":43}},"40":{"start":{"line":185,"column":2},"end":{"line":191,"column":4}},"41":{"start":{"line":195,"column":2},"end":{"line":202,"column":4}},"42":{"start":{"line":206,"column":26},"end":{"line":210,"column":3}},"43":{"start":{"line":212,"column":2},"end":{"line":214,"column":3}},"44":{"start":{"line":213,"column":4},"end":{"line":213,"column":77}},"45":{"start":{"line":216,"column":2},"end":{"line":218,"column":3}},"46":{"start":{"line":217,"column":4},"end":{"line":217,"column":87}},"47":{"start":{"line":220,"column":2},"end":{"line":220,"column":25}},"48":{"start":{"line":224,"column":2},"end":{"line":224,"column":49}},"49":{"start":{"line":224,"column":31},"end":{"line":224,"column":49}},"50":{"start":{"line":225,"column":2},"end":{"line":225,"column":44}},"51":{"start":{"line":225,"column":30},"end":{"line":225,"column":44}},"52":{"start":{"line":226,"column":2},"end":{"line":226,"column":46}},"53":{"start":{"line":226,"column":30},"end":{"line":226,"column":46}},"54":{"start":{"line":227,"column":2},"end":{"line":227,"column":15}}},"fnMap":{"0":{"name":"handler","decl":{"start":{"line":7,"column":30},"end":{"line":7,"column":37}},"loc":{"start":{"line":7,"column":48},"end":{"line":45,"column":1}},"line":7},"1":{"name":"calculateBlastRadius","decl":{"start":{"line":47,"column":15},"end":{"line":47,"column":35}},"loc":{"start":{"line":47,"column":44},"end":{"line":100,"column":1}},"line":47},"2":{"name":"(anonymous_2)","decl":{"start":{"line":88,"column":42},"end":{"line":88,"column":43}},"loc":{"start":{"line":88,"column":51},"end":{"line":93,"column":5}},"line":88},"3":{"name":"buildDependencyGraph","decl":{"start":{"line":102,"column":15},"end":{"line":102,"column":35}},"loc":{"start":{"line":102,"column":55},"end":{"line":114,"column":1}},"line":102},"4":{"name":"calculateAffectedFiles","decl":{"start":{"line":116,"column":9},"end":{"line":116,"column":31}},"loc":{"start":{"line":116,"column":62},"end":{"line":131,"column":1}},"line":116},"5":{"name":"analyzeTestImpact","decl":{"start":{"line":133,"column":15},"end":{"line":133,"column":32}},"loc":{"start":{"line":133,"column":48},"end":{"line":149,"column":1}},"line":133},"6":{"name":"detectBreakingChanges","decl":{"start":{"line":151,"column":15},"end":{"line":151,"column":36}},"loc":{"start":{"line":151,"column":49},"end":{"line":165,"column":1}},"line":151},"7":{"name":"estimateChangeEffort","decl":{"start":{"line":167,"column":9},"end":{"line":167,"column":29}},"loc":{"start":{"line":167,"column":47},"end":{"line":180,"column":1}},"line":167},"8":{"name":"createDependencyChain","decl":{"start":{"line":182,"column":9},"end":{"line":182,"column":30}},"loc":{"start":{"line":182,"column":61},"end":{"line":192,"column":1}},"line":182},"9":{"name":"createRollbackPlan","decl":{"start":{"line":194,"column":9},"end":{"line":194,"column":27}},"loc":{"start":{"line":194,"column":53},"end":{"line":203,"column":1}},"line":194},"10":{"name":"generateRecommendations","decl":{"start":{"line":205,"column":9},"end":{"line":205,"column":32}},"loc":{"start":{"line":205,"column":65},"end":{"line":221,"column":1}},"line":205},"11":{"name":"getSeverityLevel","decl":{"start":{"line":223,"column":9},"end":{"line":223,"column":25}},"loc":{"start":{"line":223,"column":45},"end":{"line":228,"column":1}},"line":223}},"branchMap":{"0":{"loc":{"start":{"line":8,"column":2},"end":{"line":10,"column":3}},"type":"if","locations":[{"start":{"line":8,"column":2},"end":{"line":10,"column":3}},{"start":{},"end":{}}],"line":8},"1":{"loc":{"start":{"line":22,"column":4},"end":{"line":25,"column":5}},"type":"if","locations":[{"start":{"line":22,"column":4},"end":{"line":25,"column":5}},{"start":{},"end":{}}],"line":22},"2":{"loc":{"start":{"line":41,"column":22},"end":{"line":41,"column":41}},"type":"binary-expr","locations":[{"start":{"line":41,"column":22},"end":{"line":41,"column":34}},{"start":{"line":41,"column":38},"end":{"line":41,"column":41}}],"line":41},"3":{"loc":{"start":{"line":42,"column":13},"end":{"line":42,"column":53}},"type":"binary-expr","locations":[{"start":{"line":42,"column":13},"end":{"line":42,"column":26}},{"start":{"line":42,"column":30},"end":{"line":42,"column":53}}],"line":42},"4":{"loc":{"start":{"line":60,"column":26},"end":{"line":62,"column":8}},"type":"cond-expr","locations":[{"start":{"line":61,"column":6},"end":{"line":61,"column":51}},{"start":{"line":62,"column":6},"end":{"line":62,"column":8}}],"line":60},"5":{"loc":{"start":{"line":155,"column":2},"end":{"line":163,"column":3}},"type":"if","locations":[{"start":{"line":155,"column":2},"end":{"line":163,"column":3}},{"start":{},"end":{}}],"line":155},"6":{"loc":{"start":{"line":155,"column":6},"end":{"line":155,"column":49}},"type":"binary-expr","locations":[{"start":{"line":155,"column":6},"end":{"line":155,"column":16}},{"start":{"line":155,"column":20},"end":{"line":155,"column":49}}],"line":155},"7":{"loc":{"start":{"line":212,"column":2},"end":{"line":214,"column":3}},"type":"if","locations":[{"start":{"line":212,"column":2},"end":{"line":214,"column":3}},{"start":{},"end":{}}],"line":212},"8":{"loc":{"start":{"line":216,"column":2},"end":{"line":218,"column":3}},"type":"if","locations":[{"start":{"line":216,"column":2},"end":{"line":218,"column":3}},{"start":{},"end":{}}],"line":216},"9":{"loc":{"start":{"line":224,"column":2},"end":{"line":224,"column":49}},"type":"if","locations":[{"start":{"line":224,"column":2},"end":{"line":224,"column":49}},{"start":{},"end":{}}],"line":224},"10":{"loc":{"start":{"line":225,"column":2},"end":{"line":225,"column":44}},"type":"if","locations":[{"start":{"line":225,"column":2},"end":{"line":225,"column":44}},{"start":{},"end":{}}],"line":225},"11":{"loc":{"start":{"line":226,"column":2},"end":{"line":226,"column":46}},"type":"if","locations":[{"start":{"line":226,"column":2},"end":{"line":226,"column":46}},{"start":{},"end":{}}],"line":226}},"s":{"0":0,"1":0,"2":0,"3":0,"4":0,"5":0,"6":0,"7":0,"8":0,"9":0,"10":0,"11":0,"12":0,"13":0,"14":0,"15":0,"16":0,"17":0,"18":0,"19":0,"20":0,"21":0,"22":0,"23":0,"24":0,"25":0,"26":0,"27":0,"28":0,"29":0,"30":0,"31":0,"32":0,"33":0,"34":0,"35":0,"36":0,"37":0,"38":0,"39":0,"40":0,"41":0,"42":0,"43":0,"44":0,"45":0,"46":0,"47":0,"48":0,"49":0,"50":0,"51":0,"52":0,"53":0,"54":0},"f":{"0":0,"1":0,"2":0,"3":0,"4":0,"5":0,"6":0,"7":0,"8":0,"9":0,"10":0,"11":0},"b":{"0":[0,0],"1":[0,0],"2":[0,0],"3":[0,0],"4":[0,0],"5":[0,0],"6":[0,0],"7":[0,0],"8":[0,0],"9":[0,0],"10":[0,0],"11":[0,0]}}
,"D:\\RDx\\DevBox\\Tools\\GithubMonster\\pages\\api\\tools\\chaos-predictor.js": {"path":"D:\\RDx\\DevBox\\Tools\\GithubMonster\\pages\\api\\tools\\chaos-predictor.js","statementMap":{"0":{"start":{"line":8,"column":2},"end":{"line":10,"column":3}},"1":{"start":{"line":9,"column":4},"end":{"line":9,"column":65}},"2":{"start":{"line":12,"column":20},"end":{"line":12,"column":30}},"3":{"start":{"line":13,"column":2},"end":{"line":13,"column":74}},"4":{"start":{"line":15,"column":2},"end":{"line":44,"column":3}},"5":{"start":{"line":17,"column":19},"end":{"line":17,"column":61}},"6":{"start":{"line":20,"column":21},"end":{"line":20,"column":79}},"7":{"start":{"line":21,"column":19},"end":{"line":21,"column":44}},"8":{"start":{"line":22,"column":4},"end":{"line":25,"column":5}},"9":{"start":{"line":23,"column":6},"end":{"line":23,"column":54}},"10":{"start":{"line":24,"column":6},"end":{"line":24,"column":58}},"11":{"start":{"line":28,"column":22},"end":{"line":28,"column":57}},"12":{"start":{"line":31,"column":4},"end":{"line":31,"column":46}},"13":{"start":{"line":33,"column":21},"end":{"line":33,"column":43}},"14":{"start":{"line":34,"column":4},"end":{"line":34,"column":59}},"15":{"start":{"line":37,"column":4},"end":{"line":37,"column":59}},"16":{"start":{"line":40,"column":4},"end":{"line":40,"column":70}},"17":{"start":{"line":41,"column":4},"end":{"line":43,"column":7}},"18":{"start":{"line":48,"column":58},"end":{"line":48,"column":64}},"19":{"start":{"line":58,"column":27},"end":{"line":58,"column":61}},"20":{"start":{"line":59,"column":28},"end":{"line":59,"column":55}},"21":{"start":{"line":60,"column":28},"end":{"line":60,"column":55}},"22":{"start":{"line":61,"column":27},"end":{"line":61,"column":53}},"23":{"start":{"line":62,"column":27},"end":{"line":62,"column":53}},"24":{"start":{"line":63,"column":25},"end":{"line":63,"column":47}},"25":{"start":{"line":65,"column":2},"end":{"line":78,"column":4}},"26":{"start":{"line":84,"column":2},"end":{"line":97,"column":4}},"27":{"start":{"line":101,"column":2},"end":{"line":182,"column":4}},"28":{"start":{"line":186,"column":2},"end":{"line":201,"column":4}},"29":{"start":{"line":205,"column":2},"end":{"line":218,"column":4}},"30":{"start":{"line":222,"column":2},"end":{"line":238,"column":4}},"31":{"start":{"line":242,"column":2},"end":{"line":245,"column":4}}},"fnMap":{"0":{"name":"handler","decl":{"start":{"line":7,"column":30},"end":{"line":7,"column":37}},"loc":{"start":{"line":7,"column":48},"end":{"line":45,"column":1}},"line":7},"1":{"name":"analyzeChaosScenarios","decl":{"start":{"line":47,"column":15},"end":{"line":47,"column":36}},"loc":{"start":{"line":47,"column":45},"end":{"line":79,"column":1}},"line":47},"2":{"name":"detectFailureScenarios","decl":{"start":{"line":81,"column":15},"end":{"line":81,"column":37}},"loc":{"start":{"line":81,"column":44},"end":{"line":98,"column":1}},"line":81},"3":{"name":"generateCriticalScenarios","decl":{"start":{"line":100,"column":9},"end":{"line":100,"column":34}},"loc":{"start":{"line":100,"column":37},"end":{"line":183,"column":1}},"line":100},"4":{"name":"generateHighRiskScenarios","decl":{"start":{"line":185,"column":9},"end":{"line":185,"column":34}},"loc":{"start":{"line":185,"column":37},"end":{"line":202,"column":1}},"line":185},"5":{"name":"generateTestCoverageGaps","decl":{"start":{"line":204,"column":9},"end":{"line":204,"column":33}},"loc":{"start":{"line":204,"column":36},"end":{"line":219,"column":1}},"line":204},"6":{"name":"generateChaosExperiments","decl":{"start":{"line":221,"column":9},"end":{"line":221,"column":33}},"loc":{"start":{"line":221,"column":36},"end":{"line":239,"column":1}},"line":221},"7":{"name":"generateTestExamples","decl":{"start":{"line":241,"column":9},"end":{"line":241,"column":29}},"loc":{"start":{"line":241,"column":32},"end":{"line":246,"column":1}},"line":241}},"branchMap":{"0":{"loc":{"start":{"line":8,"column":2},"end":{"line":10,"column":3}},"type":"if","locations":[{"start":{"line":8,"column":2},"end":{"line":10,"column":3}},{"start":{},"end":{}}],"line":8},"1":{"loc":{"start":{"line":22,"column":4},"end":{"line":25,"column":5}},"type":"if","locations":[{"start":{"line":22,"column":4},"end":{"line":25,"column":5}},{"start":{},"end":{}}],"line":22},"2":{"loc":{"start":{"line":41,"column":22},"end":{"line":41,"column":41}},"type":"binary-expr","locations":[{"start":{"line":41,"column":22},"end":{"line":41,"column":34}},{"start":{"line":41,"column":38},"end":{"line":41,"column":41}}],"line":41},"3":{"loc":{"start":{"line":42,"column":13},"end":{"line":42,"column":53}},"type":"binary-expr","locations":[{"start":{"line":42,"column":13},"end":{"line":42,"column":26}},{"start":{"line":42,"column":30},"end":{"line":42,"column":53}}],"line":42}},"s":{"0":0,"1":0,"2":0,"3":0,"4":0,"5":0,"6":0,"7":0,"8":0,"9":0,"10":0,"11":0,"12":0,"13":0,"14":0,"15":0,"16":0,"17":0,"18":0,"19":0,"20":0,"21":0,"22":0,"23":0,"24":0,"25":0,"26":0,"27":0,"28":0,"29":0,"30":0,"31":0},"f":{"0":0,"1":0,"2":0,"3":0,"4":0,"5":0,"6":0,"7":0},"b":{"0":[0,0],"1":[0,0],"2":[0,0],"3":[0,0]}}
,"D:\\RDx\\DevBox\\Tools\\GithubMonster\\pages\\api\\tools\\compliance.js": {"path":"D:\\RDx\\DevBox\\Tools\\GithubMonster\\pages\\api\\tools\\compliance.js","statementMap":{"0":{"start":{"line":8,"column":2},"end":{"line":10,"column":3}},"1":{"start":{"line":9,"column":4},"end":{"line":9,"column":65}},"2":{"start":{"line":12,"column":20},"end":{"line":12,"column":30}},"3":{"start":{"line":13,"column":2},"end":{"line":13,"column":74}},"4":{"start":{"line":15,"column":2},"end":{"line":44,"column":3}},"5":{"start":{"line":17,"column":19},"end":{"line":17,"column":57}},"6":{"start":{"line":20,"column":21},"end":{"line":20,"column":74}},"7":{"start":{"line":21,"column":19},"end":{"line":21,"column":44}},"8":{"start":{"line":22,"column":4},"end":{"line":25,"column":5}},"9":{"start":{"line":23,"column":6},"end":{"line":23,"column":54}},"10":{"start":{"line":24,"column":6},"end":{"line":24,"column":58}},"11":{"start":{"line":28,"column":27},"end":{"line":28,"column":56}},"12":{"start":{"line":31,"column":4},"end":{"line":31,"column":51}},"13":{"start":{"line":33,"column":21},"end":{"line":33,"column":43}},"14":{"start":{"line":34,"column":4},"end":{"line":34,"column":54}},"15":{"start":{"line":37,"column":4},"end":{"line":37,"column":64}},"16":{"start":{"line":40,"column":4},"end":{"line":40,"column":65}},"17":{"start":{"line":41,"column":4},"end":{"line":43,"column":7}},"18":{"start":{"line":48,"column":46},"end":{"line":48,"column":52}},"19":{"start":{"line":51,"column":27},"end":{"line":97,"column":3}},"20":{"start":{"line":99,"column":18},"end":{"line":99,"column":20}},"21":{"start":{"line":100,"column":19},"end":{"line":100,"column":56}},"22":{"start":{"line":102,"column":2},"end":{"line":155,"column":3}},"23":{"start":{"line":103,"column":4},"end":{"line":154,"column":5}},"24":{"start":{"line":104,"column":6},"end":{"line":108,"column":8}},"25":{"start":{"line":110,"column":6},"end":{"line":137,"column":7}},"26":{"start":{"line":111,"column":30},"end":{"line":116,"column":9}},"27":{"start":{"line":118,"column":8},"end":{"line":134,"column":9}},"28":{"start":{"line":119,"column":30},"end":{"line":119,"column":61}},"29":{"start":{"line":121,"column":10},"end":{"line":133,"column":11}},"30":{"start":{"line":122,"column":12},"end":{"line":122,"column":54}},"31":{"start":{"line":123,"column":12},"end":{"line":130,"column":15}},"32":{"start":{"line":132,"column":12},"end":{"line":132,"column":68}},"33":{"start":{"line":136,"column":8},"end":{"line":136,"column":58}},"34":{"start":{"line":140,"column":28},"end":{"line":140,"column":64}},"35":{"start":{"line":141,"column":32},"end":{"line":143,"column":14}},"36":{"start":{"line":142,"column":13},"end":{"line":142,"column":40}},"37":{"start":{"line":144,"column":6},"end":{"line":146,"column":12}},"38":{"start":{"line":148,"column":6},"end":{"line":153,"column":8}},"39":{"start":{"line":158,"column":21},"end":{"line":158,"column":56}},"40":{"start":{"line":161,"column":24},"end":{"line":161,"column":55}},"41":{"start":{"line":164,"column":20},"end":{"line":164,"column":142}},"42":{"start":{"line":166,"column":19},"end":{"line":171,"column":3}},"43":{"start":{"line":174,"column":2},"end":{"line":187,"column":3}},"44":{"start":{"line":175,"column":4},"end":{"line":180,"column":6}},"45":{"start":{"line":183,"column":4},"end":{"line":186,"column":5}},"46":{"start":{"line":184,"column":29},"end":{"line":184,"column":90}},"47":{"start":{"line":184,"column":55},"end":{"line":184,"column":82}},"48":{"start":{"line":185,"column":6},"end":{"line":185,"column":74}},"49":{"start":{"line":190,"column":2},"end":{"line":192,"column":3}},"50":{"start":{"line":191,"column":4},"end":{"line":191,"column":39}},"51":{"start":{"line":194,"column":2},"end":{"line":196,"column":3}},"52":{"start":{"line":195,"column":4},"end":{"line":195,"column":35}},"53":{"start":{"line":198,"column":2},"end":{"line":198,"column":18}},"54":{"start":{"line":205,"column":17},"end":{"line":205,"column":36}},"55":{"start":{"line":207,"column":2},"end":{"line":224,"column":3}},"56":{"start":{"line":208,"column":4},"end":{"line":211,"column":6}},"57":{"start":{"line":213,"column":4},"end":{"line":223,"column":6}},"58":{"start":{"line":230,"column":30},"end":{"line":230,"column":34}},"59":{"start":{"line":232,"column":2},"end":{"line":249,"column":3}},"60":{"start":{"line":233,"column":4},"end":{"line":236,"column":6}},"61":{"start":{"line":238,"column":4},"end":{"line":248,"column":6}},"62":{"start":{"line":255,"column":27},"end":{"line":255,"column":46}},"63":{"start":{"line":257,"column":2},"end":{"line":274,"column":3}},"64":{"start":{"line":258,"column":4},"end":{"line":261,"column":6}},"65":{"start":{"line":263,"column":4},"end":{"line":273,"column":6}},"66":{"start":{"line":279,"column":21},"end":{"line":279,"column":25}},"67":{"start":{"line":281,"column":2},"end":{"line":298,"column":3}},"68":{"start":{"line":282,"column":4},"end":{"line":285,"column":6}},"69":{"start":{"line":287,"column":4},"end":{"line":297,"column":6}},"70":{"start":{"line":303,"column":22},"end":{"line":303,"column":41}},"71":{"start":{"line":305,"column":2},"end":{"line":322,"column":3}},"72":{"start":{"line":306,"column":4},"end":{"line":309,"column":6}},"73":{"start":{"line":311,"column":4},"end":{"line":321,"column":6}},"74":{"start":{"line":327,"column":30},"end":{"line":327,"column":34}},"75":{"start":{"line":329,"column":2},"end":{"line":346,"column":3}},"76":{"start":{"line":330,"column":4},"end":{"line":333,"column":6}},"77":{"start":{"line":335,"column":4},"end":{"line":345,"column":6}},"78":{"start":{"line":351,"column":33},"end":{"line":351,"column":37}},"79":{"start":{"line":353,"column":2},"end":{"line":370,"column":3}},"80":{"start":{"line":354,"column":4},"end":{"line":357,"column":6}},"81":{"start":{"line":359,"column":4},"end":{"line":369,"column":6}},"82":{"start":{"line":375,"column":22},"end":{"line":375,"column":41}},"83":{"start":{"line":377,"column":2},"end":{"line":394,"column":3}},"84":{"start":{"line":378,"column":4},"end":{"line":381,"column":6}},"85":{"start":{"line":383,"column":4},"end":{"line":393,"column":6}},"86":{"start":{"line":399,"column":30},"end":{"line":399,"column":49}},"87":{"start":{"line":401,"column":2},"end":{"line":418,"column":3}},"88":{"start":{"line":402,"column":4},"end":{"line":405,"column":6}},"89":{"start":{"line":407,"column":4},"end":{"line":417,"column":6}},"90":{"start":{"line":423,"column":31},"end":{"line":423,"column":35}},"91":{"start":{"line":425,"column":2},"end":{"line":442,"column":3}},"92":{"start":{"line":426,"column":4},"end":{"line":429,"column":6}},"93":{"start":{"line":431,"column":4},"end":{"line":441,"column":6}},"94":{"start":{"line":447,"column":30},"end":{"line":447,"column":49}},"95":{"start":{"line":449,"column":2},"end":{"line":466,"column":3}},"96":{"start":{"line":450,"column":4},"end":{"line":453,"column":6}},"97":{"start":{"line":455,"column":4},"end":{"line":465,"column":6}},"98":{"start":{"line":471,"column":25},"end":{"line":471,"column":44}},"99":{"start":{"line":473,"column":2},"end":{"line":490,"column":3}},"100":{"start":{"line":474,"column":4},"end":{"line":477,"column":6}},"101":{"start":{"line":479,"column":4},"end":{"line":489,"column":6}},"102":{"start":{"line":496,"column":2},"end":{"line":518,"column":4}},"103":{"start":{"line":523,"column":2},"end":{"line":537,"column":4}},"104":{"start":{"line":525,"column":67},"end":{"line":525,"column":95}},"105":{"start":{"line":529,"column":63},"end":{"line":529,"column":87}},"106":{"start":{"line":541,"column":2},"end":{"line":556,"column":4}},"107":{"start":{"line":562,"column":2},"end":{"line":562,"column":36}}},"fnMap":{"0":{"name":"handler","decl":{"start":{"line":7,"column":30},"end":{"line":7,"column":37}},"loc":{"start":{"line":7,"column":48},"end":{"line":45,"column":1}},"line":7},"1":{"name":"auditCompliance","decl":{"start":{"line":47,"column":15},"end":{"line":47,"column":30}},"loc":{"start":{"line":47,"column":39},"end":{"line":199,"column":1}},"line":47},"2":{"name":"(anonymous_2)","decl":{"start":{"line":142,"column":8},"end":{"line":142,"column":9}},"loc":{"start":{"line":142,"column":13},"end":{"line":142,"column":40}},"line":142},"3":{"name":"(anonymous_3)","decl":{"start":{"line":184,"column":48},"end":{"line":184,"column":49}},"loc":{"start":{"line":184,"column":55},"end":{"line":184,"column":82}},"line":184},"4":{"name":"check_mfa_enabled","decl":{"start":{"line":202,"column":15},"end":{"line":202,"column":32}},"loc":{"start":{"line":202,"column":49},"end":{"line":225,"column":1}},"line":202},"5":{"name":"check_branch_protection","decl":{"start":{"line":227,"column":15},"end":{"line":227,"column":38}},"loc":{"start":{"line":227,"column":55},"end":{"line":250,"column":1}},"line":227},"6":{"name":"check_access_reviews","decl":{"start":{"line":252,"column":15},"end":{"line":252,"column":35}},"loc":{"start":{"line":252,"column":52},"end":{"line":275,"column":1}},"line":252},"7":{"name":"check_logging_enabled","decl":{"start":{"line":277,"column":15},"end":{"line":277,"column":36}},"loc":{"start":{"line":277,"column":53},"end":{"line":299,"column":1}},"line":277},"8":{"name":"check_alerting_configured","decl":{"start":{"line":301,"column":15},"end":{"line":301,"column":40}},"loc":{"start":{"line":301,"column":57},"end":{"line":323,"column":1}},"line":301},"9":{"name":"check_data_encryption_at_rest","decl":{"start":{"line":325,"column":15},"end":{"line":325,"column":44}},"loc":{"start":{"line":325,"column":61},"end":{"line":347,"column":1}},"line":325},"10":{"name":"check_data_encryption_in_transit","decl":{"start":{"line":349,"column":15},"end":{"line":349,"column":47}},"loc":{"start":{"line":349,"column":64},"end":{"line":371,"column":1}},"line":349},"11":{"name":"check_no_phi_in_logs","decl":{"start":{"line":373,"column":15},"end":{"line":373,"column":35}},"loc":{"start":{"line":373,"column":52},"end":{"line":395,"column":1}},"line":373},"12":{"name":"check_data_minimization","decl":{"start":{"line":397,"column":15},"end":{"line":397,"column":38}},"loc":{"start":{"line":397,"column":55},"end":{"line":419,"column":1}},"line":397},"13":{"name":"check_user_consent_mechanisms","decl":{"start":{"line":421,"column":15},"end":{"line":421,"column":44}},"loc":{"start":{"line":421,"column":61},"end":{"line":443,"column":1}},"line":421},"14":{"name":"check_privileged_access_review","decl":{"start":{"line":445,"column":15},"end":{"line":445,"column":45}},"loc":{"start":{"line":445,"column":62},"end":{"line":467,"column":1}},"line":445},"15":{"name":"check_segregation_of_duties","decl":{"start":{"line":469,"column":15},"end":{"line":469,"column":42}},"loc":{"start":{"line":469,"column":59},"end":{"line":491,"column":1}},"line":469},"16":{"name":"collectComplianceEvidence","decl":{"start":{"line":493,"column":15},"end":{"line":493,"column":40}},"loc":{"start":{"line":493,"column":47},"end":{"line":519,"column":1}},"line":493},"17":{"name":"createAuditTrail","decl":{"start":{"line":521,"column":9},"end":{"line":521,"column":25}},"loc":{"start":{"line":521,"column":45},"end":{"line":538,"column":1}},"line":521},"18":{"name":"(anonymous_18)","decl":{"start":{"line":525,"column":60},"end":{"line":525,"column":61}},"loc":{"start":{"line":525,"column":67},"end":{"line":525,"column":95}},"line":525},"19":{"name":"(anonymous_19)","decl":{"start":{"line":529,"column":56},"end":{"line":529,"column":57}},"loc":{"start":{"line":529,"column":63},"end":{"line":529,"column":87}},"line":529},"20":{"name":"generateDocumentation","decl":{"start":{"line":540,"column":9},"end":{"line":540,"column":30}},"loc":{"start":{"line":540,"column":41},"end":{"line":557,"column":1}},"line":540},"21":{"name":"generateReport","decl":{"start":{"line":559,"column":9},"end":{"line":559,"column":23}},"loc":{"start":{"line":559,"column":36},"end":{"line":563,"column":1}},"line":559}},"branchMap":{"0":{"loc":{"start":{"line":8,"column":2},"end":{"line":10,"column":3}},"type":"if","locations":[{"start":{"line":8,"column":2},"end":{"line":10,"column":3}},{"start":{},"end":{}}],"line":8},"1":{"loc":{"start":{"line":22,"column":4},"end":{"line":25,"column":5}},"type":"if","locations":[{"start":{"line":22,"column":4},"end":{"line":25,"column":5}},{"start":{},"end":{}}],"line":22},"2":{"loc":{"start":{"line":41,"column":22},"end":{"line":41,"column":41}},"type":"binary-expr","locations":[{"start":{"line":41,"column":22},"end":{"line":41,"column":34}},{"start":{"line":41,"column":38},"end":{"line":41,"column":41}}],"line":41},"3":{"loc":{"start":{"line":42,"column":13},"end":{"line":42,"column":53}},"type":"binary-expr","locations":[{"start":{"line":42,"column":13},"end":{"line":42,"column":26}},{"start":{"line":42,"column":30},"end":{"line":42,"column":53}}],"line":42},"4":{"loc":{"start":{"line":103,"column":4},"end":{"line":154,"column":5}},"type":"if","locations":[{"start":{"line":103,"column":4},"end":{"line":154,"column":5}},{"start":{"line":147,"column":11},"end":{"line":154,"column":5}}],"line":103},"5":{"loc":{"start":{"line":121,"column":10},"end":{"line":133,"column":11}},"type":"if","locations":[{"start":{"line":121,"column":10},"end":{"line":133,"column":11}},{"start":{"line":131,"column":17},"end":{"line":133,"column":11}}],"line":121},"6":{"loc":{"start":{"line":128,"column":24},"end":{"line":128,"column":59}},"type":"binary-expr","locations":[{"start":{"line":128,"column":24},"end":{"line":128,"column":47}},{"start":{"line":128,"column":51},"end":{"line":128,"column":59}}],"line":128},"7":{"loc":{"start":{"line":144,"column":35},"end":{"line":146,"column":11}},"type":"cond-expr","locations":[{"start":{"line":145,"column":10},"end":{"line":145,"column":63}},{"start":{"line":146,"column":10},"end":{"line":146,"column":11}}],"line":144},"8":{"loc":{"start":{"line":164,"column":20},"end":{"line":164,"column":142}},"type":"cond-expr","locations":[{"start":{"line":164,"column":37},"end":{"line":164,"column":130}},{"start":{"line":164,"column":133},"end":{"line":164,"column":142}}],"line":164},"9":{"loc":{"start":{"line":183,"column":4},"end":{"line":186,"column":5}},"type":"if","locations":[{"start":{"line":183,"column":4},"end":{"line":186,"column":5}},{"start":{},"end":{}}],"line":183},"10":{"loc":{"start":{"line":194,"column":2},"end":{"line":196,"column":3}},"type":"if","locations":[{"start":{"line":194,"column":2},"end":{"line":196,"column":3}},{"start":{},"end":{}}],"line":194},"11":{"loc":{"start":{"line":207,"column":2},"end":{"line":224,"column":3}},"type":"if","locations":[{"start":{"line":207,"column":2},"end":{"line":224,"column":3}},{"start":{"line":212,"column":9},"end":{"line":224,"column":3}}],"line":207},"12":{"loc":{"start":{"line":232,"column":2},"end":{"line":249,"column":3}},"type":"if","locations":[{"start":{"line":232,"column":2},"end":{"line":249,"column":3}},{"start":{"line":237,"column":9},"end":{"line":249,"column":3}}],"line":232},"13":{"loc":{"start":{"line":257,"column":2},"end":{"line":274,"column":3}},"type":"if","locations":[{"start":{"line":257,"column":2},"end":{"line":274,"column":3}},{"start":{"line":262,"column":9},"end":{"line":274,"column":3}}],"line":257},"14":{"loc":{"start":{"line":281,"column":2},"end":{"line":298,"column":3}},"type":"if","locations":[{"start":{"line":281,"column":2},"end":{"line":298,"column":3}},{"start":{"line":286,"column":9},"end":{"line":298,"column":3}}],"line":281},"15":{"loc":{"start":{"line":305,"column":2},"end":{"line":322,"column":3}},"type":"if","locations":[{"start":{"line":305,"column":2},"end":{"line":322,"column":3}},{"start":{"line":310,"column":9},"end":{"line":322,"column":3}}],"line":305},"16":{"loc":{"start":{"line":329,"column":2},"end":{"line":346,"column":3}},"type":"if","locations":[{"start":{"line":329,"column":2},"end":{"line":346,"column":3}},{"start":{"line":334,"column":9},"end":{"line":346,"column":3}}],"line":329},"17":{"loc":{"start":{"line":353,"column":2},"end":{"line":370,"column":3}},"type":"if","locations":[{"start":{"line":353,"column":2},"end":{"line":370,"column":3}},{"start":{"line":358,"column":9},"end":{"line":370,"column":3}}],"line":353},"18":{"loc":{"start":{"line":377,"column":2},"end":{"line":394,"column":3}},"type":"if","locations":[{"start":{"line":377,"column":2},"end":{"line":394,"column":3}},{"start":{"line":382,"column":9},"end":{"line":394,"column":3}}],"line":377},"19":{"loc":{"start":{"line":401,"column":2},"end":{"line":418,"column":3}},"type":"if","locations":[{"start":{"line":401,"column":2},"end":{"line":418,"column":3}},{"start":{"line":406,"column":9},"end":{"line":418,"column":3}}],"line":401},"20":{"loc":{"start":{"line":425,"column":2},"end":{"line":442,"column":3}},"type":"if","locations":[{"start":{"line":425,"column":2},"end":{"line":442,"column":3}},{"start":{"line":430,"column":9},"end":{"line":442,"column":3}}],"line":425},"21":{"loc":{"start":{"line":449,"column":2},"end":{"line":466,"column":3}},"type":"if","locations":[{"start":{"line":449,"column":2},"end":{"line":466,"column":3}},{"start":{"line":454,"column":9},"end":{"line":466,"column":3}}],"line":449},"22":{"loc":{"start":{"line":473,"column":2},"end":{"line":490,"column":3}},"type":"if","locations":[{"start":{"line":473,"column":2},"end":{"line":490,"column":3}},{"start":{"line":478,"column":9},"end":{"line":490,"column":3}}],"line":473},"23":{"loc":{"start":{"line":534,"column":12},"end":{"line":534,"column":109}},"type":"cond-expr","locations":[{"start":{"line":534,"column":55},"end":{"line":534,"column":104}},{"start":{"line":534,"column":107},"end":{"line":534,"column":109}}],"line":534},"24":{"loc":{"start":{"line":535,"column":22},"end":{"line":535,"column":124}},"type":"cond-expr","locations":[{"start":{"line":535,"column":65},"end":{"line":535,"column":112}},{"start":{"line":535,"column":115},"end":{"line":535,"column":124}}],"line":535},"25":{"loc":{"start":{"line":543,"column":22},"end":{"line":543,"column":139}},"type":"cond-expr","locations":[{"start":{"line":543,"column":66},"end":{"line":543,"column":98}},{"start":{"line":543,"column":101},"end":{"line":543,"column":139}}],"line":543}},"s":{"0":0,"1":0,"2":0,"3":0,"4":0,"5":0,"6":0,"7":0,"8":0,"9":0,"10":0,"11":0,"12":0,"13":0,"14":0,"15":0,"16":0,"17":0,"18":0,"19":0,"20":0,"21":0,"22":0,"23":0,"24":0,"25":0,"26":0,"27":0,"28":0,"29":0,"30":0,"31":0,"32":0,"33":0,"34":0,"35":0,"36":0,"37":0,"38":0,"39":0,"40":0,"41":0,"42":0,"43":0,"44":0,"45":0,"46":0,"47":0,"48":0,"49":0,"50":0,"51":0,"52":0,"53":0,"54":0,"55":0,"56":0,"57":0,"58":0,"59":0,"60":0,"61":0,"62":0,"63":0,"64":0,"65":0,"66":0,"67":0,"68":0,"69":0,"70":0,"71":0,"72":0,"73":0,"74":0,"75":0,"76":0,"77":0,"78":0,"79":0,"80":0,"81":0,"82":0,"83":0,"84":0,"85":0,"86":0,"87":0,"88":0,"89":0,"90":0,"91":0,"92":0,"93":0,"94":0,"95":0,"96":0,"97":0,"98":0,"99":0,"100":0,"101":0,"102":0,"103":0,"104":0,"105":0,"106":0,"107":0},"f":{"0":0,"1":0,"2":0,"3":0,"4":0,"5":0,"6":0,"7":0,"8":0,"9":0,"10":0,"11":0,"12":0,"13":0,"14":0,"15":0,"16":0,"17":0,"18":0,"19":0,"20":0,"21":0},"b":{"0":[0,0],"1":[0,0],"2":[0,0],"3":[0,0],"4":[0,0],"5":[0,0],"6":[0,0],"7":[0,0],"8":[0,0],"9":[0,0],"10":[0,0],"11":[0,0],"12":[0,0],"13":[0,0],"14":[0,0],"15":[0,0],"16":[0,0],"17":[0,0],"18":[0,0],"19":[0,0],"20":[0,0],"21":[0,0],"22":[0,0],"23":[0,0],"24":[0,0],"25":[0,0]}}
,"D:\\RDx\\DevBox\\Tools\\GithubMonster\\pages\\api\\tools\\contribution-equity.js": {"path":"D:\\RDx\\DevBox\\Tools\\GithubMonster\\pages\\api\\tools\\contribution-equity.js","statementMap":{"0":{"start":{"line":8,"column":2},"end":{"line":10,"column":3}},"1":{"start":{"line":9,"column":4},"end":{"line":9,"column":65}},"2":{"start":{"line":12,"column":20},"end":{"line":12,"column":30}},"3":{"start":{"line":13,"column":2},"end":{"line":13,"column":74}},"4":{"start":{"line":15,"column":2},"end":{"line":50,"column":3}},"5":{"start":{"line":17,"column":19},"end":{"line":17,"column":65}},"6":{"start":{"line":20,"column":21},"end":{"line":20,"column":83}},"7":{"start":{"line":21,"column":19},"end":{"line":21,"column":44}},"8":{"start":{"line":22,"column":4},"end":{"line":25,"column":5}},"9":{"start":{"line":23,"column":6},"end":{"line":23,"column":54}},"10":{"start":{"line":24,"column":6},"end":{"line":24,"column":58}},"11":{"start":{"line":28,"column":29},"end":{"line":28,"column":63}},"12":{"start":{"line":31,"column":31},"end":{"line":31,"column":82}},"13":{"start":{"line":34,"column":28},"end":{"line":34,"column":72}},"14":{"start":{"line":37,"column":4},"end":{"line":37,"column":55}},"15":{"start":{"line":39,"column":21},"end":{"line":39,"column":43}},"16":{"start":{"line":40,"column":4},"end":{"line":40,"column":63}},"17":{"start":{"line":43,"column":4},"end":{"line":43,"column":68}},"18":{"start":{"line":46,"column":4},"end":{"line":46,"column":74}},"19":{"start":{"line":47,"column":4},"end":{"line":49,"column":7}},"20":{"start":{"line":54,"column":46},"end":{"line":54,"column":52}},"21":{"start":{"line":64,"column":2},"end":{"line":98,"column":4}},"22":{"start":{"line":103,"column":17},"end":{"line":110,"column":3}},"23":{"start":{"line":112,"column":17},"end":{"line":116,"column":3}},"24":{"start":{"line":119,"column":2},"end":{"line":194,"column":3}},"25":{"start":{"line":121,"column":6},"end":{"line":126,"column":45}},"26":{"start":{"line":131,"column":31},"end":{"line":131,"column":43}},"27":{"start":{"line":132,"column":27},"end":{"line":132,"column":58}},"28":{"start":{"line":133,"column":24},"end":{"line":133,"column":43}},"29":{"start":{"line":136,"column":22},"end":{"line":136,"column":24}},"30":{"start":{"line":137,"column":4},"end":{"line":143,"column":5}},"31":{"start":{"line":138,"column":6},"end":{"line":142,"column":9}},"32":{"start":{"line":144,"column":4},"end":{"line":150,"column":5}},"33":{"start":{"line":145,"column":6},"end":{"line":149,"column":9}},"34":{"start":{"line":151,"column":4},"end":{"line":157,"column":5}},"35":{"start":{"line":152,"column":6},"end":{"line":156,"column":9}},"36":{"start":{"line":159,"column":4},"end":{"line":174,"column":7}},"37":{"start":{"line":177,"column":4},"end":{"line":193,"column":5}},"38":{"start":{"line":178,"column":6},"end":{"line":184,"column":7}},"39":{"start":{"line":179,"column":8},"end":{"line":183,"column":11}},"40":{"start":{"line":186,"column":6},"end":{"line":192,"column":7}},"41":{"start":{"line":187,"column":8},"end":{"line":191,"column":11}},"42":{"start":{"line":196,"column":2},"end":{"line":196,"column":16}},"43":{"start":{"line":200,"column":26},"end":{"line":200,"column":28}},"44":{"start":{"line":202,"column":2},"end":{"line":214,"column":5}},"45":{"start":{"line":203,"column":4},"end":{"line":213,"column":5}},"46":{"start":{"line":205,"column":8},"end":{"line":205,"column":55}},"47":{"start":{"line":206,"column":8},"end":{"line":206,"column":14}},"48":{"start":{"line":208,"column":8},"end":{"line":208,"column":49}},"49":{"start":{"line":209,"column":8},"end":{"line":209,"column":14}},"50":{"start":{"line":211,"column":8},"end":{"line":211,"column":47}},"51":{"start":{"line":212,"column":8},"end":{"line":212,"column":14}},"52":{"start":{"line":216,"column":2},"end":{"line":216,"column":36}},"53":{"start":{"line":220,"column":27},"end":{"line":220,"column":29}},"54":{"start":{"line":222,"column":2},"end":{"line":238,"column":3}},"55":{"start":{"line":223,"column":40},"end":{"line":223,"column":51}},"56":{"start":{"line":226,"column":4},"end":{"line":237,"column":5}},"57":{"start":{"line":227,"column":32},"end":{"line":227,"column":111}},"58":{"start":{"line":229,"column":6},"end":{"line":236,"column":7}},"59":{"start":{"line":230,"column":8},"end":{"line":235,"column":11}},"60":{"start":{"line":240,"column":2},"end":{"line":240,"column":26}}},"fnMap":{"0":{"name":"handler","decl":{"start":{"line":7,"column":30},"end":{"line":7,"column":37}},"loc":{"start":{"line":7,"column":48},"end":{"line":51,"column":1}},"line":7},"1":{"name":"analyzeContributions","decl":{"start":{"line":53,"column":15},"end":{"line":53,"column":35}},"loc":{"start":{"line":53,"column":44},"end":{"line":99,"column":1}},"line":53},"2":{"name":"calculateContributionValues","decl":{"start":{"line":101,"column":15},"end":{"line":101,"column":42}},"loc":{"start":{"line":101,"column":61},"end":{"line":197,"column":1}},"line":101},"3":{"name":"generateRecognitionRecommendations","decl":{"start":{"line":199,"column":9},"end":{"line":199,"column":43}},"loc":{"start":{"line":199,"column":55},"end":{"line":217,"column":1}},"line":199},"4":{"name":"(anonymous_4)","decl":{"start":{"line":202,"column":20},"end":{"line":202,"column":21}},"loc":{"start":{"line":202,"column":32},"end":{"line":214,"column":3}},"line":202},"5":{"name":"detectContributionGaming","decl":{"start":{"line":219,"column":9},"end":{"line":219,"column":33}},"loc":{"start":{"line":219,"column":51},"end":{"line":241,"column":1}},"line":219}},"branchMap":{"0":{"loc":{"start":{"line":8,"column":2},"end":{"line":10,"column":3}},"type":"if","locations":[{"start":{"line":8,"column":2},"end":{"line":10,"column":3}},{"start":{},"end":{}}],"line":8},"1":{"loc":{"start":{"line":22,"column":4},"end":{"line":25,"column":5}},"type":"if","locations":[{"start":{"line":22,"column":4},"end":{"line":25,"column":5}},{"start":{},"end":{}}],"line":22},"2":{"loc":{"start":{"line":47,"column":22},"end":{"line":47,"column":41}},"type":"binary-expr","locations":[{"start":{"line":47,"column":22},"end":{"line":47,"column":34}},{"start":{"line":47,"column":38},"end":{"line":47,"column":41}}],"line":47},"3":{"loc":{"start":{"line":48,"column":13},"end":{"line":48,"column":53}},"type":"binary-expr","locations":[{"start":{"line":48,"column":13},"end":{"line":48,"column":26}},{"start":{"line":48,"column":30},"end":{"line":48,"column":53}}],"line":48},"4":{"loc":{"start":{"line":137,"column":4},"end":{"line":143,"column":5}},"type":"if","locations":[{"start":{"line":137,"column":4},"end":{"line":143,"column":5}},{"start":{},"end":{}}],"line":137},"5":{"loc":{"start":{"line":144,"column":4},"end":{"line":150,"column":5}},"type":"if","locations":[{"start":{"line":144,"column":4},"end":{"line":150,"column":5}},{"start":{},"end":{}}],"line":144},"6":{"loc":{"start":{"line":151,"column":4},"end":{"line":157,"column":5}},"type":"if","locations":[{"start":{"line":151,"column":4},"end":{"line":157,"column":5}},{"start":{},"end":{}}],"line":151},"7":{"loc":{"start":{"line":177,"column":4},"end":{"line":193,"column":5}},"type":"if","locations":[{"start":{"line":177,"column":4},"end":{"line":193,"column":5}},{"start":{},"end":{}}],"line":177},"8":{"loc":{"start":{"line":178,"column":6},"end":{"line":184,"column":7}},"type":"if","locations":[{"start":{"line":178,"column":6},"end":{"line":184,"column":7}},{"start":{},"end":{}}],"line":178},"9":{"loc":{"start":{"line":186,"column":6},"end":{"line":192,"column":7}},"type":"if","locations":[{"start":{"line":186,"column":6},"end":{"line":192,"column":7}},{"start":{},"end":{}}],"line":186},"10":{"loc":{"start":{"line":203,"column":4},"end":{"line":213,"column":5}},"type":"switch","locations":[{"start":{"line":204,"column":6},"end":{"line":206,"column":14}},{"start":{"line":207,"column":6},"end":{"line":209,"column":14}},{"start":{"line":210,"column":6},"end":{"line":212,"column":14}}],"line":203},"11":{"loc":{"start":{"line":226,"column":4},"end":{"line":237,"column":5}},"type":"if","locations":[{"start":{"line":226,"column":4},"end":{"line":237,"column":5}},{"start":{},"end":{}}],"line":226},"12":{"loc":{"start":{"line":229,"column":6},"end":{"line":236,"column":7}},"type":"if","locations":[{"start":{"line":229,"column":6},"end":{"line":236,"column":7}},{"start":{},"end":{}}],"line":229}},"s":{"0":0,"1":0,"2":0,"3":0,"4":0,"5":0,"6":0,"7":0,"8":0,"9":0,"10":0,"11":0,"12":0,"13":0,"14":0,"15":0,"16":0,"17":0,"18":0,"19":0,"20":0,"21":0,"22":0,"23":0,"24":0,"25":0,"26":0,"27":0,"28":0,"29":0,"30":0,"31":0,"32":0,"33":0,"34":0,"35":0,"36":0,"37":0,"38":0,"39":0,"40":0,"41":0,"42":0,"43":0,"44":0,"45":0,"46":0,"47":0,"48":0,"49":0,"50":0,"51":0,"52":0,"53":0,"54":0,"55":0,"56":0,"57":0,"58":0,"59":0,"60":0},"f":{"0":0,"1":0,"2":0,"3":0,"4":0,"5":0},"b":{"0":[0,0],"1":[0,0],"2":[0,0],"3":[0,0],"4":[0,0],"5":[0,0],"6":[0,0],"7":[0,0],"8":[0,0],"9":[0,0],"10":[0,0,0],"11":[0,0],"12":[0,0]}}
,"D:\\RDx\\DevBox\\Tools\\GithubMonster\\pages\\api\\tools\\executive-summary.js": {"path":"D:\\RDx\\DevBox\\Tools\\GithubMonster\\pages\\api\\tools\\executive-summary.js","statementMap":{"0":{"start":{"line":8,"column":2},"end":{"line":10,"column":3}},"1":{"start":{"line":9,"column":4},"end":{"line":9,"column":65}},"2":{"start":{"line":12,"column":20},"end":{"line":12,"column":30}},"3":{"start":{"line":13,"column":2},"end":{"line":13,"column":74}},"4":{"start":{"line":15,"column":2},"end":{"line":44,"column":3}},"5":{"start":{"line":17,"column":19},"end":{"line":17,"column":63}},"6":{"start":{"line":20,"column":21},"end":{"line":20,"column":81}},"7":{"start":{"line":21,"column":19},"end":{"line":21,"column":44}},"8":{"start":{"line":22,"column":4},"end":{"line":25,"column":5}},"9":{"start":{"line":23,"column":6},"end":{"line":23,"column":54}},"10":{"start":{"line":24,"column":6},"end":{"line":24,"column":58}},"11":{"start":{"line":28,"column":29},"end":{"line":28,"column":67}},"12":{"start":{"line":31,"column":4},"end":{"line":31,"column":53}},"13":{"start":{"line":33,"column":21},"end":{"line":33,"column":43}},"14":{"start":{"line":34,"column":4},"end":{"line":34,"column":61}},"15":{"start":{"line":37,"column":4},"end":{"line":37,"column":66}},"16":{"start":{"line":40,"column":4},"end":{"line":40,"column":72}},"17":{"start":{"line":41,"column":4},"end":{"line":43,"column":7}},"18":{"start":{"line":48,"column":60},"end":{"line":48,"column":66}},"19":{"start":{"line":56,"column":21},"end":{"line":56,"column":55}},"20":{"start":{"line":59,"column":19},"end":{"line":59,"column":54}},"21":{"start":{"line":62,"column":19},"end":{"line":62,"column":73}},"22":{"start":{"line":65,"column":23},"end":{"line":65,"column":55}},"23":{"start":{"line":66,"column":21},"end":{"line":66,"column":51}},"24":{"start":{"line":67,"column":18},"end":{"line":67,"column":44}},"25":{"start":{"line":68,"column":16},"end":{"line":68,"column":41}},"26":{"start":{"line":71,"column":21},"end":{"line":71,"column":86}},"27":{"start":{"line":73,"column":18},"end":{"line":87,"column":3}},"28":{"start":{"line":89,"column":2},"end":{"line":91,"column":3}},"29":{"start":{"line":90,"column":4},"end":{"line":90,"column":36}},"30":{"start":{"line":93,"column":2},"end":{"line":93,"column":17}},"31":{"start":{"line":98,"column":19},"end":{"line":115,"column":3}},"32":{"start":{"line":118,"column":2},"end":{"line":135,"column":3}},"33":{"start":{"line":120,"column":6},"end":{"line":120,"column":40}},"34":{"start":{"line":121,"column":6},"end":{"line":121,"column":36}},"35":{"start":{"line":122,"column":6},"end":{"line":122,"column":12}},"36":{"start":{"line":124,"column":6},"end":{"line":124,"column":41}},"37":{"start":{"line":125,"column":6},"end":{"line":125,"column":36}},"38":{"start":{"line":126,"column":6},"end":{"line":126,"column":12}},"39":{"start":{"line":128,"column":6},"end":{"line":128,"co
[...]
{"line":37,"column":25}}],"line":37},"6":{"loc":{"start":{"line":40,"column":8},"end":{"line":42,"column":9}},"type":"if","locations":[{"start":{"line":40,"column":8},"end":{"line":42,"column":9}},{"start":{},"end":{}}],"line":40},"7":{"loc":{"start":{"line":48,"column":11},"end":{"line":50,"column":5}},"type":"if","locations":[{"start":{"line":48,"column":11},"end":{"line":50,"column":5}},{"start":{},"end":{}}],"line":48},"8":{"loc":{"start":{"line":53,"column":4},"end":{"line":60,"column":5}},"type":"if","locations":[{"start":{"line":53,"column":4},"end":{"line":60,"column":5}},{"start":{},"end":{}}],"line":53},"9":{"loc":{"start":{"line":55,"column":6},"end":{"line":59,"column":7}},"type":"if","locations":[{"start":{"line":55,"column":6},"end":{"line":59,"column":7}},{"start":{},"end":{}}],"line":55},"10":{"loc":{"start":{"line":65,"column":43},"end":{"line":65,"column":53}},"type":"default-arg","locations":[{"start":{"line":65,"column":49},"end":{"line":65,"column":53}}],"line":65},"11":{"loc":{"start":{"line":67,"column":2},"end":{"line":85,"column":3}},"type":"if","locations":[{"start":{"line":67,"column":2},"end":{"line":85,"column":3}},{"start":{"line":77,"column":9},"end":{"line":85,"column":3}}],"line":67},"12":{"loc":{"start":{"line":68,"column":4},"end":{"line":76,"column":5}},"type":"if","locations":[{"start":{"line":68,"column":4},"end":{"line":76,"column":5}},{"start":{"line":74,"column":11},"end":{"line":76,"column":5}}],"line":68},"13":{"loc":{"start":{"line":68,"column":8},"end":{"line":68,"column":25}},"type":"binary-expr","locations":[{"start":{"line":68,"column":8},"end":{"line":68,"column":16}},{"start":{"line":68,"column":20},"end":{"line":68,"column":25}}],"line":68},"14":{"loc":{"start":{"line":74,"column":11},"end":{"line":76,"column":5}},"type":"if","locations":[{"start":{"line":74,"column":11},"end":{"line":76,"column":5}},{"start":{},"end":{}}],"line":74},"15":{"loc":{"start":{"line":79,"column":4},"end":{"line":84,"column":5}},"type":"if","locations":[{"start":{"line":79,"column":4},"end":{"line":84,"column":5}},{"start":{},"end":{}}],"line":79}},"s":{"0":0,"1":0,"2":0,"3":0,"4":0,"5":0,"6":0,"7":0,"8":0,"9":0,"10":0,"11":0,"12":0,"13":0,"14":0,"15":0,"16":0,"17":0,"18":0,"19":0,"20":0,"21":0,"22":0,"23":0,"24":0,"25":0,"26":0,"27":0,"28":0,"29":0,"30":0,"31":0,"32":0,"33":0,"34":0,"35":0,"36":0,"37":0,"38":0,"39":0,"40":0},"f":{"0":0,"1":0,"2":0,"3":0},"b":{"0":[0,0],"1":[0,0],"2":[0],"3":[0,0],"4":[0,0],"5":[0,0],"6":[0,0],"7":[0,0],"8":[0,0],"9":[0,0],"10":[0],"11":[0,0],"12":[0,0],"13":[0,0],"14":[0,0],"15":[0,0]}}
,"D:\\RDx\\DevBox\\Tools\\GithubMonster\\utils\\logger.js": {"path":"D:\\RDx\\DevBox\\Tools\\GithubMonster\\utils\\logger.js","statementMap":{"0":{"start":{"line":3,"column":15},"end":{"line":15,"column":2}},"1":{"start":{"line":17,"column":0},"end":{"line":21,"column":1}},"2":{"start":{"line":18,"column":2},"end":{"line":20,"column":6}},"3":{"start":{"line":25,"column":2},"end":{"line":31,"column":3}},"4":{"start":{"line":27,"column":4},"end":{"line":30,"column":60}},"5":{"start":{"line":32,"column":2},"end":{"line":40,"column":3}},"6":{"start":{"line":33,"column":22},"end":{"line":33,"column":33}},"7":{"start":{"line":34,"column":4},"end":{"line":38,"column":5}},"8":{"start":{"line":35,"column":6},"end":{"line":37,"column":7}},"9":{"start":{"line":36,"column":8},"end":{"line":36,"column":41}},"10":{"start":{"line":39,"column":4},"end":{"line":39,"column":21}},"11":{"start":{"line":41,"column":2},"end":{"line":41,"column":14}},"12":{"start":{"line":46,"column":2},"end":{"line":51,"column":5}},"13":{"start":{"line":56,"column":2},"end":{"line":56,"column":39}},"14":{"start":{"line":61,"column":2},"end":{"line":65,"column":5}},"15":{"start":{"line":70,"column":2},"end":{"line":75,"column":5}}},"fnMap":{"0":{"name":"sanitize","decl":{"start":{"line":24,"column":9},"end":{"line":24,"column":17}},"loc":{"start":{"line":24,"column":24},"end":{"line":42,"column":1}},"line":24},"1":{"name":"logRequest","decl":{"start":{"line":45,"column":16},"end":{"line":45,"column":26}},"loc":{"start":{"line":45,"column":51},"end":{"line":52,"column":1}},"line":45},"2":{"name":"logSuccess","decl":{"start":{"line":55,"column":16},"end":{"line":55,"column":26}},"loc":{"start":{"line":55,"column":57},"end":{"line":57,"column":1}},"line":55},"3":{"name":"logError","decl":{"start":{"line":60,"column":16},"end":{"line":60,"column":24}},"loc":{"start":{"line":60,"column":62},"end":{"line":66,"column":1}},"line":60},"4":{"name":"logToolUsage","decl":{"start":{"line":69,"column":16},"end":{"line":69,"column":28}},"loc":{"start":{"line":69,"column":76},"end":{"line":76,"column":1}},"line":69}},"branchMap":{"0":{"loc":{"start":{"line":4,"column":9},"end":{"line":4,"column":40}},"type":"binary-expr","locations":[{"start":{"line":4,"column":9},"end":{"line":4,"column":30}},{"start":{"line":4,"column":34},"end":{"line":4,"column":40}}],"line":4},"1":{"loc":{"start":{"line":17,"column":0},"end":{"line":21,"column":1}},"type":"if","locations":[{"start":{"line":17,"column":0},"end":{"line":21,"column":1}},{"start":{},"end":{}}],"line":17},"2":{"loc":{"start":{"line":25,"column":2},"end":{"line":31,"column":3}},"type":"if","locations":[{"start":{"line":25,"column":2},"end":{"line":31,"column":3}},{"start":{},"end":{}}],"line":25},"3":{"loc":{"start":{"line":32,"column":2},"end":{"line":40,"column":3}},"type":"if","locations":[{"start":{"line":32,"column":2},"end":{"line":40,"column":3}},{"start":{},"end":{}}],"line":32},"4":{"loc":{"start":{"line":35,"column":6},"end":{"line":37,"column":7}},"type":"if","locations":[{"start":{"line":35,"column":6},"end":{"line":37,"column":7}},{"start":{},"end":{}}],"line":35},"5":{"loc":{"start":{"line":55,"column":36},"end":{"line":55,"column":55}},"type":"default-arg","locations":[{"start":{"line":55,"column":53},"end":{"line":55,"column":55}}],"line":55},"6":{"loc":{"start":{"line":60,"column":41},"end":{"line":60,"column":60}},"type":"default-arg","locations":[{"start":{"line":60,"column":58},"end":{"line":60,"column":60}}],"line":60},"7":{"loc":{"start":{"line":69,"column":55},"end":{"line":69,"column":74}},"type":"default-arg","locations":[{"start":{"line":69,"column":72},"end":{"line":69,"column":74}}],"line":69}},"s":{"0":1,"1":1,"2":1,"3":0,"4":0,"5":0,"6":0,"7":0,"8":0,"9":0,"10":0,"11":0,"12":0,"13":0,"14":0,"15":0},"f":{"0":0,"1":0,"2":0,"3":0,"4":0},"b":{"0":[1,1],"1":[1,0],"2":[0,0],"3":[0,0],"4":[0,0],"5":[0],"6":[0],"7":[0]},"_coverageSchema":"1a1c01bbd47fc00a2c39e90264f33305004495a9","hash":"ca9c722a01819a8180350b97dc5682f12eddbf27"}
,"D:\\RDx\\DevBox\\Tools\\GithubMonster\\utils\\rate-limit.js": {"path":"D:\\RDx\\DevBox\\Tools\\GithubMonster\\utils\\rate-limit.js","statementMap":{"0":{"start":{"line":5,"column":23},"end":{"line":5,"column":52}},"1":{"start":{"line":18,"column":6},"end":{"line":18,"column":13}},"2":{"start":{"line":20,"column":2},"end":{"line":61,"column":4}},"3":{"start":{"line":21,"column":4},"end":{"line":60,"column":6}},"4":{"start":{"line":23,"column":25},"end":{"line":23,"column":49}},"5":{"start":{"line":26,"column":18},"end":{"line":26,"column":43}},"6":{"start":{"line":27,"column":22},"end":{"line":27,"column":95}},"7":{"start":{"line":30,"column":6},"end":{"line":33,"column":7}},"8":{"start":{"line":31,"column":8},"end":{"line":31,"column":26}},"9":{"start":{"line":32,"column":8},"end":{"line":32,"column":50}},"10":{"start":{"line":36,"column":6},"end":{"line":47,"column":7}},"11":{"start":{"line":37,"column":27},"end":{"line":37,"column":77}},"12":{"start":{"line":38,"column":8},"end":{"line":38,"column":48}},"13":{"start":{"line":39,"column":8},"end":{"line":39,"column":50}},"14":{"start":{"line":40,"column":8},"end":{"line":40,"column":62}},"15":{"start":{"line":41,"column":8},"end":{"line":41,"column":49}},"16":{"start":{"line":43,"column":8},"end":{"line":46,"column":11}},"17":{"start":{"line":50,"column":6},"end":{"line":50,"column":22}},"18":{"start":{"line":51,"column":6},"end":{"line":51,"column":67}},"19":{"start":{"line":54,"column":6},"end":{"line":54,"column":46}},"20":{"start":{"line":55,"column":6},"end":{"line":55,"column":66}},"21":{"start":{"line":56,"column":6},"end":{"line":56,"column":60}},"22":{"start":{"line":59,"column":6},"end":{"line":59,"column":31}},"23":{"start":{"line":69,"column":17},"end":{"line":69,"column":61}},"24":{"start":{"line":70,"column":2},"end":{"line":72,"column":3}},"25":{"start":{"line":71,"column":4},"end":{"line":71,"column":30}},"26":{"start":{"line":75,"column":20},"end":{"line":75,"column":50}},"27":{"start":{"line":76,"column":13},"end":{"line":76,"column":79}},"28":{"start":{"line":77,"column":2},"end":{"line":77,"column":20}},"29":{"start":{"line":83,"column":28},"end":{"line":111,"column":1}}},"fnMap":{"0":{"name":"createRateLimiter","decl":{"start":{"line":11,"column":16},"end":{"line":11,"column":33}},"loc":{"start":{"line":11,"column":48},"end":{"line":62,"column":1}},"line":11},"1":{"name":"(anonymous_1)","decl":{"start":{"line":20,"column":9},"end":{"line":20,"column":10}},"loc":{"start":{"line":20,"column":22},"end":{"line":61,"column":3}},"line":20},"2":{"name":"(anonymous_2)","decl":{"start":{"line":21,"column":11},"end":{"line":21,"column":12}},"loc":{"start":{"line":21,"column":31},"end":{"line":60,"column":5}},"line":21},"3":{"name":"getClientIdentifier","decl":{"start":{"line":67,"column":9},"end":{"line":67,"column":28}},"loc":{"start":{"line":67,"column":34},"end":{"line":78,"column":1}},"line":67}},"branchMap":{"0":{"loc":{"start":{"line":11,"column":34},"end":{"line":11,"column":46}},"type":"default-arg","locations":[{"start":{"line":11,"column":44},"end":{"line":11,"column":46}}],"line":11},"1":{"loc":{"start":{"line":13,"column":4},"end":{"line":13,"column":24}},"type":"default-arg","locations":[{"start":{"line":13,"column":15},"end":{"line":13,"column":24}}],"line":13},"2":{"loc":{"start":{"line":14,"column":4},"end":{"line":14,"column":12}},"type":"default-arg","locations":[{"start":{"line":14,"column":10},"end":{"line":14,"column":12}}],"line":14},"3":{"loc":{"start":{"line":15,"column":4},"end":{"line":15,"column":57}},"type":"default-arg","locations":[{"start":{"line":15,"column":14},"end":{"line":15,"column":57}}],"line":15},"4":{"loc":{"start":{"line":16,"column":4},"end":{"line":16,"column":34}},"type":"default-arg","locations":[{"start":{"line":16,"column":29},"end":{"line":16,"column":34}}],"line":16},"5":{"loc":{"start":{"line":17,"column":4},"end":{"line":17,"column":30}},"type":"default-arg","locations":[{"start":{"line":17,"column":25},"end":{"line":17,"column":30}}],"line":17},"6":{"loc":{"start":{"line":27,"column":22},"end":{"line":27,"column":95}},"type":"binary-expr","locations":[{"start":{"line":27,"column":22},"end":{"line":27,"column":45}},{"start":{"line":27,"column":49},"end":{"line":27,"column":95}}],"line":27},"7":{"loc":{"start":{"line":30,"column":6},"end":{"line":33,"column":7}},"type":"if","locations":[{"start":{"line":30,"column":6},"end":{"line":33,"column":7}},{"start":{},"end":{}}],"line":30},"8":{"loc":{"start":{"line":36,"column":6},"end":{"line":47,"column":7}},"type":"if","locations":[{"start":{"line":36,"column":6},"end":{"line":47,"column":7}},{"start":{},"end":{}}],"line":36},"9":{"loc":{"start":{"line":69,"column":17},"end":{"line":69,"column":61}},"type":"binary-expr","locations":[{"start":{"line":69,"column":17},"end":{"line":69,"column":41}},{"start":{"line":69,"column":45},"end":{"line":69,"column":61}}],"line":69},"10":{"loc":{"start":{"line":70,"column":2},"end":{"line":72,"column":3}},"type":"if","locations":[{"start":{"line":70,"column":2},"end":{"line":72,"column":3}},{"start":{},"end":{}}],"line":70},"11":{"loc":{"start":{"line":76,"column":13},"end":{"line":76,"column":79}},"type":"cond-expr","locations":[{"start":{"line":76,"column":25},"end":{"line":76,"column":48}},{"start":{"line":76,"column":51},"end":{"line":76,"column":79}}],"line":76}},"s":{"0":1,"1":8,"2":8,"3":4,"4":4,"5":4,"6":4,"7":4,"8":0,"9":0,"10":4,"11":0,"12":0,"13":0,"14":0,"15":0,"16":0,"17":4,"18":4,"19":4,"20":4,"21":4,"22":4,"23":4,"24":4,"25":1,"26":3,"27":3,"28":3,"29":1},"f":{"0":8,"1":4,"2":4,"3":4},"b":{"0":[0],"1":[2],"2":[0],"3":[4],"4":[8],"5":[8],"6":[4,3],"7":[0,4],"8":[0,4],"9":[4,3],"10":[1,3],"11":[0,3]},"_coverageSchema":"1a1c01bbd47fc00a2c39e90264f33305004495a9","hash":"de23ec610189291dffb89932711665d035772d85"}
,"D:\\RDx\\DevBox\\Tools\\GithubMonster\\utils\\security.js": {"path":"D:\\RDx\\DevBox\\Tools\\GithubMonster\\utils\\security.js","statementMap":{"0":{"start":{"line":2,"column":28},"end":{"line":7,"column":3}},"1":{"start":{"line":9,"column":18},"end":{"line":9,"column":38}},"2":{"start":{"line":11,"column":2},"end":{"line":13,"column":5}},"3":{"start":{"line":12,"column":4},"end":{"line":12,"column":57}},"4":{"start":{"line":15,"column":2},"end":{"line":15,"column":31}},"5":{"start":{"line":20,"column":2},"end":{"line":22,"column":3}},"6":{"start":{"line":21,"column":4},"end":{"line":21,"column":17}},"7":{"start":{"line":24,"column":2},"end":{"line":24,"column":14}},"8":{"start":{"line":29,"column":2},"end":{"line":40,"column":3}},"9":{"start":{"line":31,"column":4},"end":{"line":39,"column":14}},"10":{"start":{"line":41,"column":2},"end":{"line":41,"column":15}},"11":{"start":{"line":47,"column":22},"end":{"line":47,"column":40}},"12":{"start":{"line":48,"column":2},"end":{"line":48,"column":32}},"13":{"start":{"line":53,"column":2},"end":{"line":78,"column":3}},"14":{"start":{"line":54,"column":22},"end":{"line":54,"column":34}},"15":{"start":{"line":57,"column":25},"end":{"line":62,"column":5}},"16":{"start":{"line":64,"column":4},"end":{"line":66,"column":5}},"17":{"start":{"line":65,"column":6},"end":{"line":65,"column":19}},"18":{"start":{"line":69,"column":29},"end":{"line":69,"column":78}},"19":{"start":{"line":70,"column":4},"end":{"line":72,"column":5}},"20":{"start":{"line":71,"column":6},"end":{"line":71,"column":19}},"21":{"start":{"line":74,"column":4},"end":{"line":74,"column":16}},"22":{"start":{"line":77,"column":4},"end":{"line":77,"column":17}}},"fnMap":{"0":{"name":"sanitizeOutput","decl":{"start":{"line":1,"column":16},"end":{"line":1,"column":30}},"loc":{"start":{"line":1,"column":37},"end":{"line":16,"column":1}},"line":1},"1":{"name":"(anonymous_1)","decl":{"start":{"line":11,"column":28},"end":{"line":11,"column":29}},"loc":{"start":{"line":11,"column":39},"end":{"line":13,"column":3}},"line":11},"2":{"name":"verifyGitHubToken","decl":{"start":{"line":18,"column":16},"end":{"line":18,"column":33}},"loc":{"start":{"line":18,"column":41},"end":{"line":25,"column":1}},"line":18},"3":{"name":"sanitizeInput","decl":{"start":{"line":28,"column":16},"end":{"line":28,"column":29}},"loc":{"start":{"line":28,"column":37},"end":{"line":42,"column":1}},"line":28},"4":{"name":"isValidRepoName","decl":{"start":{"line":45,"column":16},"end":{"line":45,"column":31}},"loc":{"start":{"line":45,"column":38},"end":{"line":49,"column":1}},"line":45},"5":{"name":"isSafeUrl","decl":{"start":{"line":52,"column":16},"end":{"line":52,"column":25}},"loc":{"start":{"line":52,"column":31},"end":{"line":79,"column":1}},"line":52}},"branchMap":{"0":{"loc":{"start":{"line":20,"column":2},"end":{"line":22,"column":3}},"type":"if","locations":[{"start":{"line":20,"column":2},"end":{"line":22,"column":3}},{"start":{},"end":{}}],"line":20},"1":{"loc":{"start":{"line":20,"column":6},"end":{"line":20,"column":79}},"type":"binary-expr","locations":[{"start":{"line":20,"column":6},"end":{"line":20,"column":12}},{"start":{"line":20,"column":17},"end":{"line":20,"column":42}},{"start":{"line":20,"column":46},"end":{"line":20,"column":78}}],"line":20},"2":{"loc":{"start":{"line":29,"column":2},"end":{"line":40,"column":3}},"type":"if","locations":[{"start":{"line":29,"column":2},"end":{"line":40,"column":3}},{"start":{},"end":{}}],"line":29},"3":{"loc":{"start":{"line":64,"column":4},"end":{"line":66,"column":5}},"type":"if","locations":[{"start":{"line":64,"column":4},"end":{"line":66,"column":5}},{"start":{},"end":{}}],"line":64},"4":{"loc":{"start":{"line":70,"column":4},"end":{"line":72,"column":5}},"type":"if","locations":[{"start":{"line":70,"column":4},"end":{"line":72,"column":5}},{"start":{},"end":{}}],"line":70},"5":{"loc":{"start":{"line":70,"column":8},"end":{"line":70,"column":90}},"type":"binary-expr","locations":[{"start":{"line":70,"column":8},"end":{"line":70,"column":49}},{"start":{"line":70,"column":53},"end":{"line":70,"column":90}}],"line":70}},"s":{"0":0,"1":0,"2":0,"3":0,"4":0,"5":0,"6":0,"7":0,"8":0,"9":0,"10":0,"11":0,"12":0,"13":0,"14":0,"15":0,"16":0,"17":0,"18":0,"19":0,"20":0,"21":0,"22":0},"f":{"0":0,"1":0,"2":0,"3":0,"4":0,"5":0},"b":{"0":[0,0],"1":[0,0,0],"2":[0,0],"3":[0,0],"4":[0,0],"5":[0,0]}}
,"D:\\RDx\\DevBox\\Tools\\GithubMonster\\utils\\validation.js": {"path":"D:\\RDx\\DevBox\\Tools\\GithubMonster\\utils\\validation.js","statementMap":{"0":{"start":{"line":3,"column":23},"end":{"line":126,"column":1}},"1":{"start":{"line":129,"column":27},"end":{"line":132,"column":4}},"2":{"start":{"line":134,"column":2},"end":{"line":143,"column":3}},"3":{"start":{"line":135,"column":4},"end":{"line":142,"column":6}},"4":{"start":{"line":138,"column":39},"end":{"line":141,"column":7}},"5":{"start":{"line":145,"column":2},"end":{"line":145,"column":15}},"6":{"start":{"line":150,"column":2},"end":{"line":171,"column":4}},"7":{"start":{"line":151,"column":4},"end":{"line":170,"column":6}},"8":{"start":{"line":152,"column":6},"end":{"line":154,"column":7}},"9":{"start":{"line":153,"column":8},"end":{"line":153,"column":33}},"10":{"start":{"line":156,"column":6},"end":{"line":169,"column":7}},"11":{"start":{"line":157,"column":26},"end":{"line":157,"column":52}},"12":{"start":{"line":158,"column":8},"end":{"line":158,"column":29}},"13":{"start":{"line":159,"column":8},"end":{"line":159,"column":33}},"14":{"start":{"line":161,"column":8},"end":{"line":166,"column":9}},"15":{"start":{"line":162,"column":10},"end":{"line":165,"column":13}},"16":{"start":{"line":168,"column":8},"end":{"line":168,"column":72}}},"fnMap":{"0":{"name":"validate","decl":{"start":{"line":128,"column":16},"end":{"line":128,"column":24}},"loc":{"start":{"line":128,"column":39},"end":{"line":146,"column":1}},"line":128},"1":{"name":"(anonymous_1)","decl":{"start":{"line":138,"column":33},"end":{"line":138,"column":34}},"loc":{"start":{"line":138,"column":39},"end":{"line":141,"column":7}},"line":138},"2":{"name":"validateBody","decl":{"start":{"line":149,"column":16},"end":{"line":149,"column":28}},"loc":{"start":{"line":149,"column":37},"end":{"line":172,"column":1}},"line":149},"3":{"name":"(anonymous_3)","decl":{"start":{"line":150,"column":9},"end":{"line":150,"column":10}},"loc":{"start":{"line":150,"column":22},"end":{"line":171,"column":3}},"line":150},"4":{"name":"(anonymous_4)","decl":{"start":{"line":151,"column":11},"end":{"line":151,"column":12}},"loc":{"start":{"line":151,"column":31},"end":{"line":170,"column":5}},"line":151}},"branchMap":{"0":{"loc":{"start":{"line":134,"column":2},"end":{"line":143,"column":3}},"type":"if","locations":[{"start":{"line":134,"column":2},"end":{"line":143,"column":3}},{"start":{},"end":{}}],"line":134},"1":{"loc":{"start":{"line":152,"column":6},"end":{"line":154,"column":7}},"type":"if","locations":[{"start":{"line":152,"column":6},"end":{"line":154,"column":7}},{"start":{},"end":{}}],"line":152},"2":{"loc":{"start":{"line":161,"column":8},"end":{"line":166,"column":9}},"type":"if","locations":[{"start":{"line":161,"column":8},"end":{"line":166,"column":9}},{"start":{},"end":{}}],"line":161}},"s":{"0":1,"1":15,"2":15,"3":7,"4":7,"5":8,"6":0,"7":0,"8":0,"9":0,"10":0,"11":0,"12":0,"13":0,"14":0,"15":0,"16":0},"f":{"0":15,"1":7,"2":0,"3":0,"4":0},"b":{"0":[7,8],"1":[0,0],"2":[0,0]},"_coverageSchema":"1a1c01bbd47fc00a2c39e90264f33305004495a9","hash":"575db6a8559dfd4092e5b181b9c6243e05bf8a16"}
}
