TN:
SF:pages\api\health.js
FN:8,handler
FN:70,(anonymous_1)
FNF:2
FNH:0
FNDA:0,handler
FNDA:0,(anonymous_1)
DA:9,0
DA:10,0
DA:13,0
DA:14,0
DA:22,0
DA:24,0
DA:25,0
DA:26,0
DA:31,0
DA:32,0
DA:39,0
DA:40,0
DA:45,0
DA:46,0
DA:53,0
DA:54,0
DA:55,0
DA:56,0
DA:61,0
DA:62,0
DA:69,0
DA:70,0
DA:72,0
DA:73,0
DA:74,0
DA:79,0
DA:86,0
DA:89,0
DA:92,0
DA:95,0
DA:96,0
LF:31
LH:0
BRDA:9,0,0,0
BRDA:9,0,1,0
BRDA:19,1,0,0
BRDA:19,1,1,0
BRDA:39,2,0,0
BRDA:39,2,1,0
BRDA:72,3,0,0
BRDA:72,3,1,0
BRDA:89,4,0,0
BRDA:89,4,1,0
BRDA:90,5,0,0
BRDA:90,5,1,0
BRF:12
BRH:0
end_of_record
TN:
SF:pages\api\index.js
FN:1,handler
FNF:1
FNH:0
FNDA:0,handler
DA:2,0
LF:1
LH:0
BRF:0
BRH:0
end_of_record
TN:
SF:pages\api\metrics.js
FN:8,handler
FNF:1
FNH:0
FNDA:0,handler
DA:9,0
DA:10,0
DA:13,0
DA:15,0
DA:18,0
DA:20,0
DA:22,0
DA:23,0
LF:8
LH:0
BRDA:9,0,0,0
BRDA:9,0,1,0
BRF:2
BRH:0
end_of_record
TN:
SF:pages\api\repo-stats.js
FN:7,handler
FN:47,fetchRepositoryStats
FN:126,calculateLinesOfCode
FN:130,(anonymous_3)
FN:151,(anonymous_4)
FN:171,calculateHealthScore
FNF:6
FNH:0
FNDA:0,handler
FNDA:0,fetchRepositoryStats
FNDA:0,calculateLinesOfCode
FNDA:0,(anonymous_3)
FNDA:0,(anonymous_4)
FNDA:0,calculateHealthScore
DA:8,0
DA:9,0
DA:12,0
DA:13,0
DA:15,0
DA:17,0
DA:20,0
DA:21,0
DA:22,0
DA:23,0
DA:24,0
DA:28,0
DA:31,0
DA:33,0
DA:34,0
DA:37,0
DA:40,0
DA:41,0
DA:48,0
DA:50,0
DA:52,0
DA:58,0
DA:64,0
DA:65,0
DA:66,0
DA:68,0
DA:69,0
DA:70,0
DA:77,0
DA:78,0
DA:80,0
DA:81,0
DA:82,0
DA:83,0
DA:87,0
DA:88,0
DA:93,0
DA:94,0
DA:95,0
DA:96,0
DA:99,0
DA:102,0
DA:104,0
DA:121,0
DA:122,0
DA:127,0
DA:130,0
DA:134,0
DA:137,0
DA:138,0
DA:142,0
DA:143,0
DA:148,0
DA:151,0
DA:152,0
DA:155,0
DA:156,0
DA:160,0
DA:164,0
DA:166,0
DA:167,0
DA:172,0
DA:175,0
DA:176,0
DA:177,0
DA:178,0
DA:179,0
DA:180,0
DA:183,0
DA:184,0
DA:185,0
DA:186,0
DA:187,0
DA:188,0
DA:191,0
DA:192,0
DA:193,0
DA:194,0
DA:197,0
DA:198,0
DA:199,0
DA:200,0
DA:201,0
DA:202,0
DA:204,0
LF:85
LH:0
BRDA:8,0,0,0
BRDA:8,0,1,0
BRDA:22,1,0,0
BRDA:22,1,1,0
BRDA:41,2,0,0
BRDA:41,2,1,0
BRDA:42,3,0,0
BRDA:42,3,1,0
BRDA:68,4,0,0
BRDA:68,4,1,0
BRDA:77,5,0,0
BRDA:77,5,1,0
BRDA:82,6,0,0
BRDA:82,6,1,0
BRDA:118,7,0,0
BRDA:118,7,1,0
BRDA:137,8,0,0
BRDA:137,8,1,0
BRDA:148,9,0,0
BRDA:148,9,1,0
BRDA:148,10,0,0
BRDA:148,10,1,0
BRDA:152,11,0,0
BRDA:152,11,1,0
BRDA:155,12,0,0
BRDA:155,12,1,0
BRDA:176,13,0,0
BRDA:176,13,1,0
BRDA:177,14,0,0
BRDA:177,14,1,0
BRDA:178,15,0,0
BRDA:178,15,1,0
BRDA:179,16,0,0
BRDA:179,16,1,0
BRDA:180,17,0,0
BRDA:180,17,1,0
BRDA:184,18,0,0
BRDA:184,18,1,0
BRDA:185,19,0,0
BRDA:185,19,1,0
BRDA:186,20,0,0
BRDA:186,20,1,0
BRDA:187,21,0,0
BRDA:187,21,1,0
BRDA:188,22,0,0
BRDA:188,22,1,0
BRDA:191,23,0,0
BRDA:191,23,1,0
BRDA:192,24,0,0
BRDA:192,24,1,0
BRDA:193,25,0,0
BRDA:193,25,1,0
BRDA:194,26,0,0
BRDA:194,26,1,0
BRDA:197,27,0,0
BRDA:197,27,1,0
BRDA:198,28,0,0
BRDA:198,28,1,0
BRDA:199,29,0,0
BRDA:199,29,1,0
BRDA:200,30,0,0
BRDA:200,30,1,0
BRDA:201,31,0,0
BRDA:201,31,1,0
BRDA:202,32,0,0
BRDA:202,32,1,0
BRF:66
BRH:0
end_of_record
TN:
SF:pages\api\github\proxy.js
FN:14,handler
FN:149,fetchRepositoryInfo
FNF:2
FNH:0
FNDA:0,handler
FNDA:0,fetchRepositoryInfo
DA:7,0
DA:15,0
DA:16,0
DA:19,0
DA:20,0
DA:23,0
DA:24,0
DA:28,0
DA:29,0
DA:32,0
DA:34,0
DA:38,0
DA:40,0
DA:45,0
DA:48,0
DA:53,0
DA:56,0
DA:61,0
DA:64,0
DA:69,0
DA:72,0
DA:77,0
DA:80,0
DA:85,0
DA:88,0
DA:93,0
DA:96,0
DA:100,0
DA:103,0
DA:107,0
DA:110,0
DA:114,0
DA:117,0
DA:121,0
DA:124,0
DA:127,0
DA:133,0
DA:136,0
DA:137,0
DA:143,0
DA:144,0
DA:150,0
DA:151,0
DA:154,0
DA:156,0
DA:157,0
DA:162,0
DA:164,0
DA:165,0
LF:49
LH:0
BRDA:15,0,0,0
BRDA:15,0,1,0
BRDA:20,1,0,0
BRDA:23,2,0,0
BRDA:23,2,1,0
BRDA:23,3,0,0
BRDA:23,3,1,0
BRDA:28,4,0,0
BRDA:28,4,1,0
BRDA:38,5,0,0
BRDA:38,5,1,0
BRDA:38,5,2,0
BRDA:38,5,3,0
BRDA:38,5,4,0
BRDA:38,5,5,0
BRDA:38,5,6,0
BRDA:38,5,7,0
BRDA:38,5,8,0
BRDA:38,5,9,0
BRDA:38,5,10,0
BRDA:38,5,11,0
BRDA:136,6,0,0
BRDA:136,6,1,0
BRDA:150,7,0,0
BRDA:150,7,1,0
BRF:25
BRH:0
end_of_record
TN:
SF:pages\api\tools\archaeology.js
FN:8,handler
FN:51,performArchaeologyAnalysis
FN:113,enhanceWithAI
FNF:3
FNH:0
FNDA:0,handler
FNDA:0,performArchaeologyAnalysis
FNDA:0,enhanceWithAI
DA:9,0
DA:10,0
DA:13,0
DA:14,0
DA:16,0
DA:18,0
DA:21,0
DA:22,0
DA:23,0
DA:24,0
DA:25,0
DA:29,0
DA:32,0
DA:35,0
DA:37,0
DA:38,0
DA:41,0
DA:44,0
DA:45,0
DA:62,0
DA:65,0
DA:90,0
DA:100,0
DA:106,0
DA:114,0
DA:128,0
LF:26
LH:0
BRDA:9,0,0,0
BRDA:9,0,1,0
BRDA:23,1,0,0
BRDA:23,1,1,0
BRDA:45,2,0,0
BRDA:45,2,1,0
BRDA:46,3,0,0
BRDA:46,3,1,0
BRDA:62,4,0,0
BRDA:62,5,0,0
BRDA:62,6,0,0
BRF:11
BRH:0
end_of_record
TN:
SF:pages\api\tools\blast-radius.js
FN:7,handler
FN:47,calculateBlastRadius
FN:88,(anonymous_2)
FN:102,buildDependencyGraph
FN:116,calculateAffectedFiles
FN:133,analyzeTestImpact
FN:151,detectBreakingChanges
FN:167,estimateChangeEffort
FN:182,createDependencyChain
FN:194,createRollbackPlan
FN:205,generateRecommendations
FN:223,getSeverityLevel
FNF:12
FNH:0
FNDA:0,handler
FNDA:0,calculateBlastRadius
FNDA:0,(anonymous_2)
FNDA:0,buildDependencyGraph
FNDA:0,calculateAffectedFiles
FNDA:0,analyzeTestImpact
FNDA:0,detectBreakingChanges
FNDA:0,estimateChangeEffort
FNDA:0,createDependencyChain
FNDA:0,createRollbackPlan
FNDA:0,generateRecommendations
FNDA:0,getSeverityLevel
DA:8,0
DA:9,0
DA:12,0
DA:13,0
DA:15,0
DA:17,0
DA:20,0
DA:21,0
DA:22,0
DA:23,0
DA:24,0
DA:28,0
DA:31,0
DA:33,0
DA:34,0
DA:37,0
DA:40,0
DA:41,0
DA:48,0
DA:51,0
DA:54,0
DA:57,0
DA:60,0
DA:65,0
DA:72,0
DA:75,0
DA:78,0
DA:80,0
DA:88,0
DA:106,0
DA:124,0
DA:137,0
DA:155,0
DA:156,0
DA:164,0
DA:169,0
DA:172,0
DA:175,0
DA:177,0
DA:179,0
DA:185,0
DA:195,0
DA:206,0
DA:212,0
DA:213,0
DA:216,0
DA:217,0
DA:220,0
DA:224,0
DA:225,0
DA:226,0
DA:227,0
LF:52
LH:0
BRDA:8,0,0,0
BRDA:8,0,1,0
BRDA:22,1,0,0
BRDA:22,1,1,0
BRDA:41,2,0,0
BRDA:41,2,1,0
BRDA:42,3,0,0
BRDA:42,3,1,0
BRDA:60,4,0,0
BRDA:60,4,1,0
BRDA:155,5,0,0
BRDA:155,5,1,0
BRDA:155,6,0,0
BRDA:155,6,1,0
BRDA:212,7,0,0
BRDA:212,7,1,0
BRDA:216,8,0,0
BRDA:216,8,1,0
BRDA:224,9,0,0
BRDA:224,9,1,0
BRDA:225,10,0,0
BRDA:225,10,1,0
BRDA:226,11,0,0
BRDA:226,11,1,0
BRF:24
BRH:0
end_of_record
TN:
SF:pages\api\tools\chaos-predictor.js
FN:7,handler
FN:47,analyzeChaosScenarios
FN:81,detectFailureScenarios
FN:100,generateCriticalScenarios
FN:185,generateHighRiskScenarios
FN:204,generateTestCoverageGaps
FN:221,generateChaosExperiments
FN:241,generateTestExamples
FNF:8
FNH:0
FNDA:0,handler
FNDA:0,analyzeChaosScenarios
FNDA:0,detectFailureScenarios
FNDA:0,generateCriticalScenarios
FNDA:0,generateHighRiskScenarios
FNDA:0,generateTestCoverageGaps
FNDA:0,generateChaosExperiments
FNDA:0,generateTestExamples
DA:8,0
DA:9,0
DA:12,0
DA:13,0
DA:15,0
DA:17,0
DA:20,0
DA:21,0
DA:22,0
DA:23,0
DA:24,0
DA:28,0
DA:31,0
DA:33,0
DA:34,0
DA:37,0
DA:40,0
DA:41,0
DA:48,0
DA:58,0
DA:59,0
DA:60,0
DA:61,0
DA:62,0
DA:63,0
DA:65,0
DA:84,0
DA:101,0
DA:186,0
DA:205,0
DA:222,0
DA:242,0
LF:32
LH:0
BRDA:8,0,0,0
BRDA:8,0,1,0
BRDA:22,1,0,0
BRDA:22,1,1,0
BRDA:41,2,0,0
BRDA:41,2,1,0
BRDA:42,3,0,0
BRDA:42,3,1,0
BRF:8
BRH:0
end_of_record
TN:
SF:pages\api\tools\compliance.js
FN:7,handler
FN:47,auditCompliance
FN:142,(anonymous_2)
FN:184,(anonymous_3)
FN:202,check_mfa_enabled
FN:227,check_branch_protection
FN:252,check_access_reviews
FN:277,check_logging_enabled
FN:301,check_alerting_configured
FN:325,check_data_encryption_at_rest
FN:349,check_data_encryption_in_transit
FN:373,check_no_phi_in_logs
FN:397,check_data_minimization
FN:421,check_user_consent_mechanisms
FN:445,check_privileged_access_review
FN:469,check_segregation_of_duties
FN:493,collectComplianceEvidence
FN:521,createAuditTrail
FN:525,(anonymous_18)
FN:529,(anonymous_19)
FN:540,generateDocumentation
FN:559,generateReport
FNF:22
FNH:0
FNDA:0,handler
FNDA:0,auditCompliance
FNDA:0,(anonymous_2)
FNDA:0,(anonymous_3)
FNDA:0,check_mfa_enabled
FNDA:0,check_branch_protection
FNDA:0,check_access_reviews
FNDA:0,check_logging_enabled
FNDA:0,check_alerting_configured
FNDA:0,check_data_encryption_at_rest
FNDA:0,check_data_encryption_in_transit
FNDA:0,check_no_phi_in_logs
FNDA:0,check_data_minimization
FNDA:0,check_user_consent_mechanisms
FNDA:0,check_privileged_access_review
FNDA:0,check_segregation_of_duties
FNDA:0,collectComplianceEvidence
FNDA:0,createAuditTrail
FNDA:0,(anonymous_18)
FNDA:0,(anonymous_19)
FNDA:0,generateDocumentation
FNDA:0,generateReport
DA:8,0
DA:9,0
DA:12,0
DA:13,0
DA:15,0
DA:17,0
DA:20,0
DA:21,0
DA:22,0
DA:23,0
DA:24,0
DA:28,0
DA:31,0
DA:33,0
DA:34,0
DA:37,0
DA:40,0
DA:41,0
DA:48,0
DA:51,0
DA:99,0
DA:100,0
DA:102,0
DA:103,0
DA:104,0
DA:110,0
DA:111,0
DA:118,0
DA:119,0
DA:121,0
DA:122,0
DA:123,0
DA:132,0
DA:136,0
DA:140,0
DA:141,0
DA:142,0
DA:144,0
DA:148,0
DA:158,0
DA:161,0
DA:164,0
DA:166,0
DA:174,0
DA:175,0
DA:183,0
DA:184,0
DA:185,0
DA:190,0
DA:191,0
DA:194,0
DA:195,0
DA:198,0
DA:205,0
DA:207,0
DA:208,0
DA:213,0
DA:230,0
DA:232,0
DA:233,0
DA:238,0
DA:255,0
DA:257,0
DA:258,0
DA:263,0
DA:279,0
DA:281,0
DA:282,0
DA:287,0
DA:303,0
DA:305,0
DA:306,0
DA:311,0
DA:327,0
DA:329,0
DA:330,0
DA:335,0
DA:351,0
DA:353,0
DA:354,0
DA:359,0
DA:375,0
DA:377,0
DA:378,0
DA:383,0
DA:399,0
DA:401,0
DA:402,0
DA:407,0
DA:423,0
DA:425,0
DA:426,0
DA:431,0
DA:447,0
DA:449,0
DA:450,0
DA:455,0
DA:471,0
DA:473,0
DA:474,0
DA:479,0
DA:496,0
DA:523,0
DA:525,0
DA:529,0
DA:541,0
DA:562,0
LF:107
LH:0
BRDA:8,0,0,0
BRDA:8,0,1,0
BRDA:22,1,0,0
BRDA:22,1,1,0
BRDA:41,2,0,0
BRDA:41,2,1,0
BRDA:42,3,0,0
BRDA:42,3,1,0
BRDA:103,4,0,0
BRDA:103,4,1,0
BRDA:121,5,0,0
BRDA:121,5,1,0
BRDA:128,6,0,0
BRDA:128,6,1,0
BRDA:144,7,0,0
BRDA:144,7,1,0
BRDA:164,8,0,0
BRDA:164,8,1,0
BRDA:183,9,0,0
BRDA:183,9,1,0
BRDA:194,10,0,0
BRDA:194,10,1,0
BRDA:207,11,0,0
BRDA:207,11,1,0
BRDA:232,12,0,0
BRDA:232,12,1,0
BRDA:257,13,0,0
BRDA:257,13,1,0
BRDA:281,14,0,0
BRDA:281,14,1,0
BRDA:305,15,0,0
BRDA:305,15,1,0
BRDA:329,16,0,0
BRDA:329,16,1,0
BRDA:353,17,0,0
BRDA:353,17,1,0
BRDA:377,18,0,0
BRDA:377,18,1,0
BRDA:401,19,0,0
BRDA:401,19,1,0
BRDA:425,20,0,0
BRDA:425,20,1,0
BRDA:449,21,0,0
BRDA:449,21,1,0
BRDA:473,22,0,0
BRDA:473,22,1,0
BRDA:534,23,0,0
BRDA:534,23,1,0
BRDA:535,24,0,0
BRDA:535,24,1,0
BRDA:543,25,0,0
BRDA:543,25,1,0
BRF:52
BRH:0
end_of_record
TN:
SF:pages\api\tools\contribution-equity.js
FN:7,handler
FN:53,analyzeContributions
FN:101,calculateContributionValues
FN:199,generateRecognitionRecommendations
FN:202,(anonymous_4)
FN:219,detectContributionGaming
FNF:6
FNH:0
FNDA:0,handler
FNDA:0,analyzeContributions
FNDA:0,calculateContributionValues
FNDA:0,generateRecognitionRecommendations
FNDA:0,(anonymous_4)
FNDA:0,detectContributionGaming
DA:8,0
DA:9,0
DA:12,0
DA:13,0
DA:15,0
DA:17,0
DA:20,0
DA:21,0
DA:22,0
DA:23,0
DA:24,0
DA:28,0
DA:31,0
DA:34,0
DA:37,0
DA:39,0
DA:40,0
DA:43,0
DA:46,0
DA:47,0
DA:54,0
DA:64,0
DA:103,0
DA:112,0
DA:119,0
DA:121,0
DA:131,0
DA:132,0
DA:133,0
DA:136,0
DA:137,0
DA:138,0
DA:144,0
DA:145,0
DA:151,0
DA:152,0
DA:159,0
DA:177,0
DA:178,0
DA:179,0
DA:186,0
DA:187,0
DA:196,0
DA:200,0
DA:202,0
DA:203,0
DA:205,0
DA:206,0
DA:208,0
DA:209,0
DA:211,0
DA:212,0
DA:216,0
DA:220,0
DA:222,0
DA:223,0
DA:226,0
DA:227,0
DA:229,0
DA:230,0
DA:240,0
LF:61
LH:0
BRDA:8,0,0,0
BRDA:8,0,1,0
BRDA:22,1,0,0
BRDA:22,1,1,0
BRDA:47,2,0,0
BRDA:47,2,1,0
BRDA:48,3,0,0
BRDA:48,3,1,0
BRDA:137,4,0,0
BRDA:137,4,1,0
BRDA:144,5,0,0
BRDA:144,5,1,0
BRDA:151,6,0,0
BRDA:151,6,1,0
BRDA:177,7,0,0
BRDA:177,7,1,0
BRDA:178,8,0,0
BRDA:178,8,1,0
BRDA:186,9,0,0
BRDA:186,9,1,0
BRDA:203,10,0,0
BRDA:203,10,1,0
BRDA:203,10,2,0
BRDA:226,11,0,0
BRDA:226,11,1,0
BRDA:229,12,0,0
BRDA:229,12,1,0
BRF:27
BRH:0
end_of_record
TN:
SF:pages\api\tools\executive-summary.js
FN:7,handler
FN:47,generateExecutiveSummary
FN:96,generateMockReportData
FN:140,calculateVelocityChange
FN:146,generateHeadline
FN:150,identifyAchievements
FN:167,identifyChallenges
FN:184,extractRoadmap
FN:207,identifyRisks
FN:222,generateFinancialData
FNF:10
FNH:0
FNDA:0,handler
FNDA:0,generateExecutiveSummary
FNDA:0,generateMockReportData
FNDA:0,calculateVelocityChange
FNDA:0,generateHeadline
FNDA:0,identifyAchievements
FNDA:0,identifyChallenges
FNDA:0,extractRoadmap
FNDA:0,identifyRisks
FNDA:0,generateFinancialData
DA:8,0
DA:9,0
DA:12,0
DA:13,0
DA:15,0
DA:17,0
DA:20,0
DA:21,0
DA:22,0
DA:23,0
DA:24,0
DA:28,0
DA:31,0
DA:33,0
DA:34,0
DA:37,0
DA:40,0
DA:41,0
DA:48,0
DA:56,0
DA:59,0
DA:62,0
DA:65,0
DA:66,0
DA:67,0
DA:68,0
DA:71,0
DA:73,0
DA:89,0
DA:90,0
DA:93,0
DA:98,0
DA:118,0
DA:120,0
DA:121,0
DA:122,0
DA:124,0
DA:125,0
DA:126,0
DA:128,0
DA:129,0
DA:130,0
DA:132,0
DA:133,0
DA:134,0
DA:137,0
DA:143,0
DA:147,0
DA:151,0
DA:168,0
DA:185,0
DA:208,0
DA:223,0
LF:53
LH:0
BRDA:8,0,0,0
BRDA:8,0,1,0
BRDA:22,1,0,0
BRDA:22,1,1,0
BRDA:41,2,0,0
BRDA:41,2,1,0
BRDA:42,3,0,0
BRDA:42,3,1,0
BRDA:71,4,0,0
BRDA:71,4,1,0
BRDA:77,5,0,0
BRDA:77,5,1,0
BRDA:78,6,0,0
BRDA:78,6,1,0
BRDA:79,7,0,0
BRDA:79,7,1,0
BRDA:80,8,0,0
BRDA:80,8,1,0
BRDA:89,9,0,0
BRDA:89,9,1,0
BRDA:118,10,0,0
BRDA:118,10,1,0
BRDA:118,10,2,0
BRDA:118,10,3,0
BRF:24
BRH:0
end_of_record
TN:
SF:pages\api\tools\health-score.js
FN:8,handler
FN:51,fetchGitHubData
FN:134,fetchTeamMetrics
FN:140,(anonymous_3)
FN:150,(anonymous_4)
FN:155,(anonymous_5)
FN:187,calculateHealthScore
FN:315,calculateTestCoverage
FN:320,countCodeSmells
FN:325,calculateDuplicationPercentage
FN:330,calculateAvgReviewTime
FN:335,calculateReviewParticipation
FN:340,calculateAPIDocumentation
FN:345,calculateCodeQualityScore
FN:360,calculateCollaborationScore
FN:379,calculateDocumentationScore
FN:384,calculateTeamWellbeingScore
FNF:17
FNH:0
FNDA:0,handler
FNDA:0,fetchGitHubData
FNDA:0,fetchTeamMetrics
FNDA:0,(anonymous_3)
FNDA:0,(anonymous_4)
FNDA:0,(anonymous_5)
FNDA:0,calculateHealthScore
FNDA:0,calculateTestCoverage
FNDA:0,countCodeSmells
FNDA:0,calculateDuplicationPercentage
FNDA:0,calculateAvgReviewTime
FNDA:0,calculateReviewParticipation
FNDA:0,calculateAPIDocumentation
FNDA:0,calculateCodeQualityScore
FNDA:0,calculateCollaborationScore
FNDA:0,calculateDocumentationScore
FNDA:0,calculateTeamWellbeingScore
DA:9,0
DA:10,0
DA:13,0
DA:14,0
DA:16,0
DA:18,0
DA:21,0
DA:22,0
DA:23,0
DA:24,0
DA:25,0
DA:29,0
DA:32,0
DA:35,0
DA:37,0
DA:38,0
DA:41,0
DA:44,0
DA:45,0
DA:52,0
DA:54,0
DA:56,0
DA:62,0
DA:63,0
DA:65,0
DA:67,0
DA:68,0
DA:70,0
DA:71,0
DA:73,0
DA:74,0
DA:76,0
DA:77,0
DA:79,0
DA:82,0
DA:89,0
DA:95,0
DA:105,0
DA:115,0
DA:116,0
DA:117,0
DA:120,0
DA:129,0
DA:130,0
DA:136,0
DA:139,0
DA:140,0
DA:141,0
DA:142,0
DA:143,0
DA:145,0
DA:149,0
DA:150,0
DA:151,0
DA:152,0
DA:155,0
DA:156,0
DA:157,0
DA:160,0
DA:161,0
DA:169,0
DA:170,0
DA:179,0
DA:188,0
DA:191,0
DA:192,0
DA:193,0
DA:194,0
DA:195,0
DA:196,0
DA:197,0
DA:200,0
DA:206,0
DA:212,0
DA:218,0
DA:224,0
DA:232,0
DA:233,0
DA:234,0
DA:242,0
DA:243,0
DA:251,0
DA:252,0
DA:253,0
DA:256,0
DA:257,0
DA:261,0
DA:268,0
DA:317,0
DA:322,0
DA:327,0
DA:332,0
DA:337,0
DA:342,0
DA:347,0
DA:350,0
DA:351,0
DA:352,0
DA:355,0
DA:357,0
DA:362,0
DA:365,0
DA:366,0
DA:367,0
DA:370,0
DA:373,0
DA:374,0
DA:376,0
DA:381,0
DA:386,0
DA:389,0
DA:392,0
DA:394,0
LF:113
LH:0
BRDA:9,0,0,0
BRDA:9,0,1,0
BRDA:23,1,0,0
BRDA:23,1,1,0
BRDA:45,2,0,0
BRDA:45,2,1,0
BRDA:46,3,0,0
BRDA:46,3,1,0
BRDA:65,4,0,0
BRDA:65,4,1,0
BRDA:65,4,2,0
BRDA:65,4,3,0
BRDA:65,4,4,0
BRDA:116,5,0,0
BRDA:116,5,1,0
BRDA:141,6,0,0
BRDA:141,6,1,0
BRDA:142,7,0,0
BRDA:142,7,1,0
BRDA:152,8,0,0
BRDA:152,8,1,0
BRDA:157,9,0,0
BRDA:157,9,1,0
BRDA:160,10,0,0
BRDA:160,10,1,0
BRDA:169,11,0,0
BRDA:169,11,1,0
BRDA:196,12,0,0
BRDA:196,12,1,0
BRDA:220,13,0,0
BRDA:220,13,1,0
BRDA:233,14,0,0
BRDA:233,14,1,0
BRDA:242,15,0,0
BRDA:242,15,1,0
BRDA:252,16,0,0
BRDA:252,16,1,0
BRDA:256,17,0,0
BRDA:256,17,1,0
BRDA:265,18,0,0
BRDA:265,18,1,0
BRDA:286,19,0,0
BRDA:286,19,1,0
BRDA:300,20,0,0
BRDA:300,20,1,0
BRDA:302,21,0,0
BRDA:302,21,1,0
BRDA:303,22,0,0
BRDA:303,22,1,0
BRDA:304,23,0,0
BRDA:304,23,1,0
BRDA:365,24,0,0
BRDA:365,24,1,0
BRDA:366,25,0,0
BRDA:366,25,1,0
BRDA:367,26,0,0
BRDA:367,26,1,0
BRDA:373,27,0,0
BRDA:373,27,1,0
BRDA:374,28,0,0
BRDA:374,28,1,0
BRDA:389,29,0,0
BRDA:389,29,1,0
BRF:63
BRH:0
end_of_record
TN:
SF:pages\api\tools\learning-path.js
FN:7,handler
FN:50,fetchGitHubData
FN:61,generateLearningPath
FNF:3
FNH:0
FNDA:0,handler
FNDA:0,fetchGitHubData
FNDA:0,generateLearningPath
DA:8,0
DA:9,0
DA:12,0
DA:13,0
DA:15,0
DA:17,0
DA:20,0
DA:21,0
DA:22,0
DA:23,0
DA:24,0
DA:28,0
DA:31,0
DA:34,0
DA:36,0
DA:37,0
DA:40,0
DA:43,0
DA:44,0
DA:53,0
DA:70,0
DA:99,0
LF:22
LH:0
BRDA:8,0,0,0
BRDA:8,0,1,0
BRDA:22,1,0,0
BRDA:22,1,1,0
BRDA:44,2,0,0
BRDA:44,2,1,0
BRDA:45,3,0,0
BRDA:45,3,1,0
BRF:8
BRH:0
end_of_record
TN:
SF:pages\api\tools\pattern-matcher.js
FN:7,handler
FN:47,findPatterns
FN:70,extractCodePatterns
FN:92,findSimilarPatterns
FN:119,identifyCommonPitfalls
FN:131,identifyBestPractices
FN:143,identifyOpportunities
FNF:7
FNH:0
FNDA:0,handler
FNDA:0,findPatterns
FNDA:0,extractCodePatterns
FNDA:0,findSimilarPatterns
FNDA:0,identifyCommonPitfalls
FNDA:0,identifyBestPractices
FNDA:0,identifyOpportunities
DA:8,0
DA:9,0
DA:12,0
DA:13,0
DA:15,0
DA:17,0
DA:20,0
DA:21,0
DA:22,0
DA:23,0
DA:24,0
DA:28,0
DA:31,0
DA:33,0
DA:34,0
DA:37,0
DA:40,0
DA:41,0
DA:48,0
DA:56,0
DA:57,0
DA:58,0
DA:59,0
DA:60,0
DA:62,0
DA:73,0
DA:94,0
DA:120,0
DA:132,0
DA:144,0
LF:30
LH:0
BRDA:8,0,0,0
BRDA:8,0,1,0
BRDA:22,1,0,0
BRDA:22,1,1,0
BRDA:41,2,0,0
BRDA:41,2,1,0
BRDA:42,3,0,0
BRDA:42,3,1,0
BRF:8
BRH:0
end_of_record
TN:
SF:pages\api\tools\tech-debt.js
FN:7,handler
FN:50,fetchGitHubData
FN:61,calculateTechDebt
FN:117,analyzeCodeQuality
FN:133,calculateDebtCost
FN:147,(anonymous_5)
FN:151,createRefactoringPlan
FNF:7
FNH:0
FNDA:0,handler
FNDA:0,fetchGitHubData
FNDA:0,calculateTechDebt
FNDA:0,analyzeCodeQuality
FNDA:0,calculateDebtCost
FNDA:0,(anonymous_5)
FNDA:0,createRefactoringPlan
DA:8,0
DA:9,0
DA:12,0
DA:13,0
DA:15,0
DA:17,0
DA:20,0
DA:21,0
DA:22,0
DA:23,0
DA:24,0
DA:28,0
DA:31,0
DA:34,0
DA:36,0
DA:37,0
DA:40,0
DA:43,0
DA:44,0
DA:53,0
DA:63,0
DA:66,0
DA:69,0
DA:72,0
DA:81,0
DA:103,0
DA:122,0
DA:140,0
DA:147,0
DA:148,0
DA:152,0
LF:31
LH:0
BRDA:8,0,0,0
BRDA:8,0,1,0
BRDA:22,1,0,0
BRDA:22,1,1,0
BRDA:44,2,0,0
BRDA:44,2,1,0
BRDA:45,3,0,0
BRDA:45,3,1,0
BRDA:73,4,0,0
BRDA:73,4,1,0
BRDA:74,5,0,0
BRDA:74,5,1,0
BRDA:75,6,0,0
BRDA:75,6,1,0
BRDA:76,7,0,0
BRDA:76,7,1,0
BRDA:77,8,0,0
BRDA:77,8,1,0
BRDA:141,9,0,0
BRDA:141,9,1,0
BRDA:142,10,0,0
BRDA:142,10,1,0
BRDA:143,11,0,0
BRDA:143,11,1,0
BRDA:144,12,0,0
BRDA:144,12,1,0
BRF:26
BRH:0
end_of_record
TN:
SF:pages\api\tools\unused-potential.js
FN:7,handler
FN:47,findUnusedPotential
FN:68,identifyReusableComponents
FN:146,identifyHiddenAssets
FN:163,performCodeAudit
FNF:5
FNH:0
FNDA:0,handler
FNDA:0,findUnusedPotential
FNDA:0,identifyReusableComponents
FNDA:0,identifyHiddenAssets
FNDA:0,performCodeAudit
DA:8,0
DA:9,0
DA:12,0
DA:13,0
DA:15,0
DA:17,0
DA:20,0
DA:21,0
DA:22,0
DA:23,0
DA:24,0
DA:28,0
DA:31,0
DA:33,0
DA:34,0
DA:37,0
DA:40,0
DA:41,0
DA:48,0
DA:57,0
DA:58,0
DA:59,0
DA:61,0
DA:69,0
DA:147,0
DA:164,0
LF:26
LH:0
BRDA:8,0,0,0
BRDA:8,0,1,0
BRDA:22,1,0,0
BRDA:22,1,1,0
BRDA:41,2,0,0
BRDA:41,2,1,0
BRDA:42,3,0,0
BRDA:42,3,1,0
BRDA:79,4,0,0
BRDA:79,4,1,0
BRDA:85,5,0,0
BRDA:85,5,1,0
BRDA:103,6,0,0
BRDA:103,6,1,0
BRDA:108,7,0,0
BRDA:108,7,1,0
BRDA:124,8,0,0
BRDA:124,8,1,0
BRDA:130,9,0,0
BRDA:130,9,1,0
BRDA:136,10,0,0
BRDA:136,10,1,0
BRF:22
BRH:0
end_of_record
TN:
SF:pages\api\tools\visual-story.js
FN:7,handler
FN:47,generateVisualStory
FN:80,analyzeCodeChanges
FN:104,generateVisualizations
FN:139,generateNarrative
FN:145,calculateImpact
FN:153,generateTestimonials
FNF:7
FNH:0
FNDA:0,handler
FNDA:0,generateVisualStory
FNDA:0,analyzeCodeChanges
FNDA:0,generateVisualizations
FNDA:0,generateNarrative
FNDA:0,calculateImpact
FNDA:0,generateTestimonials
DA:8,0
DA:9,0
DA:12,0
DA:13,0
DA:15,0
DA:17,0
DA:20,0
DA:21,0
DA:22,0
DA:23,0
DA:24,0
DA:28,0
DA:31,0
DA:33,0
DA:34,0
DA:37,0
DA:40,0
DA:41,0
DA:48,0
DA:56,0
DA:57,0
DA:58,0
DA:59,0
DA:60,0
DA:62,0
DA:83,0
DA:105,0
DA:142,0
DA:146,0
DA:154,0
LF:30
LH:0
BRDA:8,0,0,0
BRDA:8,0,1,0
BRDA:22,1,0,0
BRDA:22,1,1,0
BRDA:41,2,0,0
BRDA:41,2,1,0
BRDA:42,3,0,0
BRDA:42,3,1,0
BRDA:71,4,0,0
BRDA:71,4,1,0
BRDA:72,5,0,0
BRDA:72,5,1,0
BRDA:73,6,0,0
BRDA:73,6,1,0
BRDA:74,7,0,0
BRDA:74,7,1,0
BRDA:75,8,0,0
BRDA:75,8,1,0
BRF:18
BRH:0
end_of_record
TN:
SF:services\ai\llm-client.js
FN:13,analyzeWithGemini
FN:38,analyzeWithGeminiChat
FN:44,(anonymous_2)
FN:73,getGeminiJSONResponse
FNF:4
FNH:0
FNDA:0,analyzeWithGemini
FNDA:0,analyzeWithGeminiChat
FNDA:0,(anonymous_2)
FNDA:0,getGeminiJSONResponse
DA:5,0
DA:11,0
DA:14,0
DA:15,0
DA:17,0
DA:18,0
DA:19,0
DA:22,0
DA:25,0
DA:30,0
DA:32,0
DA:33,0
DA:39,0
DA:40,0
DA:43,0
DA:44,0
DA:45,0
DA:46,0
DA:50,0
DA:52,0
DA:53,0
DA:54,0
DA:57,0
DA:60,0
DA:65,0
DA:67,0
DA:68,0
DA:74,0
DA:83,0
LF:29
LH:0
BRDA:13,0,0,0
BRDA:22,1,0,0
BRDA:22,1,1,0
BRDA:38,2,0,0
BRDA:45,3,0,0
BRDA:45,3,1,0
BRDA:57,4,0,0
BRDA:57,4,1,0
BRF:8
BRH:0
end_of_record
TN:
SF:utils\auth.js
FN:11,generateApiKey
FN:18,hashApiKey
FN:25,isValidApiKeyFormat
FN:48,verifyApiKey
FN:61,requireAuth
FN:67,(anonymous_5)
FN:68,(anonymous_6)
FN:123,createApiKey
FN:147,revokeApiKey
FN:161,listApiKeys
FNF:10
FNH:6
FNDA:9,generateApiKey
FNDA:17,hashApiKey
FNDA:13,isValidApiKeyFormat
FNDA:6,verifyApiKey
FNDA:0,requireAuth
FNDA:0,(anonymous_5)
FNDA:0,(anonymous_6)
FNDA:6,createApiKey
FNDA:2,revokeApiKey
FNDA:0,listApiKeys
DA:12,9
DA:19,17
DA:26,13
DA:32,1
DA:35,1
DA:36,0
DA:37,0
DA:49,6
DA:50,1
DA:53,5
DA:54,5
DA:65,0
DA:67,0
DA:68,0
DA:70,0
DA:75,0
DA:76,0
DA:78,0
DA:79,0
DA:81,0
DA:89,0
DA:91,0
DA:92,0
DA:97,0
DA:104,0
DA:105,0
DA:112,0
DA:115,0
DA:124,6
DA:125,6
DA:127,6
DA:134,6
DA:136,6
DA:138,6
DA:148,2
DA:149,2
DA:151,2
DA:152,1
DA:155,2
DA:162,0
LF:40
LH:20
BRDA:26,0,0,13
BRDA:26,0,1,10
BRDA:35,1,0,0
BRDA:35,1,1,1
BRDA:49,2,0,1
BRDA:49,2,1,5
BRDA:49,3,0,6
BRDA:49,3,1,6
BRDA:54,4,0,5
BRDA:54,4,1,2
BRDA:61,5,0,0
BRDA:63,6,0,0
BRDA:64,7,0,0
BRDA:70,8,0,0
BRDA:70,8,1,0
BRDA:70,8,2,0
BRDA:75,9,0,0
BRDA:75,9,1,0
BRDA:76,10,0,0
BRDA:76,10,1,0
BRDA:91,11,0,0
BRDA:91,11,1,0
BRDA:104,12,0,0
BRDA:104,12,1,0
BRDA:104,13,0,0
BRDA:104,13,1,0
BRDA:123,14,0,0
BRDA:131,15,0,4
BRDA:131,15,1,2
BRDA:131,16,0,2
BRDA:131,16,1,0
BRDA:151,17,0,1
BRDA:151,17,1,1
BRF:33
BRH:14
end_of_record
TN:
SF:utils\cache.js
FN:34,getCached
FN:65,setCache
FN:88,generateCacheKey
FN:91,(anonymous_3)
FNF:4
FNH:0
FNDA:0,getCached
FNDA:0,setCache
FNDA:0,generateCacheKey
FNDA:0,(anonymous_3)
DA:4,0
DA:7,0
DA:10,0
DA:12,0
DA:14,0
DA:15,0
DA:16,0
DA:19,0
DA:20,0
DA:24,0
DA:25,0
DA:30,0
DA:36,0
DA:37,0
DA:38,0
DA:39,0
DA:40,0
DA:41,0
DA:43,0
DA:45,0
DA:46,0
DA:48,0
DA:49,0
DA:53,0
DA:54,0
DA:55,0
DA:56,0
DA:58,0
DA:62,0
DA:67,0
DA:68,0
DA:69,0
DA:70,0
DA:72,0
DA:74,0
DA:75,0
DA:79,0
DA:80,0
DA:89,0
DA:91,0
DA:93,0
LF:41
LH:0
BRDA:7,0,0,0
BRDA:7,0,1,0
BRDA:14,1,0,0
BRDA:14,1,1,0
BRDA:34,2,0,0
BRDA:36,3,0,0
BRDA:36,3,1,0
BRDA:37,4,0,0
BRDA:37,4,1,0
BRDA:37,5,0,0
BRDA:37,5,1,0
BRDA:40,6,0,0
BRDA:40,6,1,0
BRDA:48,7,0,0
BRDA:48,7,1,0
BRDA:53,8,0,0
BRDA:53,8,1,0
BRDA:55,9,0,0
BRDA:55,9,1,0
BRDA:65,10,0,0
BRDA:67,11,0,0
BRDA:67,11,1,0
BRDA:68,12,0,0
BRDA:68,12,1,0
BRDA:68,13,0,0
BRDA:68,13,1,0
BRDA:74,14,0,0
BRDA:74,14,1,0
BRDA:79,15,0,0
BRDA:79,15,1,0
BRF:30
BRH:0
end_of_record
TN:
SF:utils\logger.js
FN:24,sanitize
FN:45,logRequest
FN:55,logSuccess
FN:60,logError
FN:69,logToolUsage
FNF:5
FNH:0
FNDA:0,sanitize
FNDA:0,logRequest
FNDA:0,logSuccess
FNDA:0,logError
FNDA:0,logToolUsage
DA:3,1
DA:17,1
DA:18,1
DA:25,0
DA:27,0
DA:32,0
DA:33,0
DA:34,0
DA:35,0
DA:36,0
DA:39,0
DA:41,0
DA:46,0
DA:56,0
DA:61,0
DA:70,0
LF:16
LH:3
BRDA:4,0,0,1
BRDA:4,0,1,1
BRDA:17,1,0,1
BRDA:17,1,1,0
BRDA:25,2,0,0
BRDA:25,2,1,0
BRDA:32,3,0,0
BRDA:32,3,1,0
BRDA:35,4,0,0
BRDA:35,4,1,0
BRDA:55,5,0,0
BRDA:60,6,0,0
BRDA:69,7,0,0
BRF:13
BRH:3
end_of_record
TN:
SF:utils\rate-limit.js
FN:11,createRateLimiter
FN:20,(anonymous_1)
FN:21,(anonymous_2)
FN:67,getClientIdentifier
FNF:4
FNH:4
FNDA:8,createRateLimiter
FNDA:4,(anonymous_1)
FNDA:4,(anonymous_2)
FNDA:4,getClientIdentifier
DA:5,1
DA:18,8
DA:20,8
DA:21,4
DA:23,4
DA:26,4
DA:27,4
DA:30,4
DA:31,0
DA:32,0
DA:36,4
DA:37,0
DA:38,0
DA:39,0
DA:40,0
DA:41,0
DA:43,0
DA:50,4
DA:51,4
DA:54,4
DA:55,4
DA:56,4
DA:59,4
DA:69,4
DA:70,4
DA:71,1
DA:75,3
DA:76,3
DA:77,3
DA:83,1
LF:30
LH:22
BRDA:11,0,0,0
BRDA:13,1,0,2
BRDA:14,2,0,0
BRDA:15,3,0,4
BRDA:16,4,0,8
BRDA:17,5,0,8
BRDA:27,6,0,4
BRDA:27,6,1,3
BRDA:30,7,0,0
BRDA:30,7,1,4
BRDA:36,8,0,0
BRDA:36,8,1,4
BRDA:69,9,0,4
BRDA:69,9,1,3
BRDA:70,10,0,1
BRDA:70,10,1,3
BRDA:76,11,0,0
BRDA:76,11,1,3
BRF:18
BRH:13
end_of_record
TN:
SF:utils\security.js
FN:1,sanitizeOutput
FN:11,(anonymous_1)
FN:18,verifyGitHubToken
FN:28,sanitizeInput
FN:45,isValidRepoName
FN:52,isSafeUrl
FNF:6
FNH:0
FNDA:0,sanitizeOutput
FNDA:0,(anonymous_1)
FNDA:0,verifyGitHubToken
FNDA:0,sanitizeInput
FNDA:0,isValidRepoName
FNDA:0,isSafeUrl
DA:2,0
DA:9,0
DA:11,0
DA:12,0
DA:15,0
DA:20,0
DA:21,0
DA:24,0
DA:29,0
DA:31,0
DA:41,0
DA:47,0
DA:48,0
DA:53,0
DA:54,0
DA:57,0
DA:64,0
DA:65,0
DA:69,0
DA:70,0
DA:71,0
DA:74,0
DA:77,0
LF:23
LH:0
BRDA:20,0,0,0
BRDA:20,0,1,0
BRDA:20,1,0,0
BRDA:20,1,1,0
BRDA:20,1,2,0
BRDA:29,2,0,0
BRDA:29,2,1,0
BRDA:64,3,0,0
BRDA:64,3,1,0
BRDA:70,4,0,0
BRDA:70,4,1,0
BRDA:70,5,0,0
BRDA:70,5,1,0
BRF:13
BRH:0
end_of_record
TN:
SF:utils\validation.js
FN:128,validate
FN:138,(anonymous_1)
FN:149,validateBody
FN:150,(anonymous_3)
FN:151,(anonymous_4)
FNF:5
FNH:2
FNDA:15,validate
FNDA:7,(anonymous_1)
FNDA:0,validateBody
FNDA:0,(anonymous_3)
FNDA:0,(anonymous_4)
DA:3,1
DA:129,15
DA:134,15
DA:135,7
DA:138,7
DA:145,8
DA:150,0
DA:151,0
DA:152,0
DA:153,0
DA:156,0
DA:157,0
DA:158,0
DA:159,0
DA:161,0
DA:162,0
DA:168,0
LF:17
LH:6
BRDA:134,0,0,7
BRDA:134,0,1,8
BRDA:152,1,0,0
BRDA:152,1,1,0
BRDA:161,2,0,0
BRDA:161,2,1,0
BRF:6
BRH:2
end_of_record
